{"/home/travis/build/npmtest/node-npmtest-mongo-relation/test.js":{"path":"/home/travis/build/npmtest/node-npmtest-mongo-relation/test.js","s":{"1":2,"2":2,"3":2,"4":2,"5":2,"6":2,"7":2,"8":1,"9":2,"10":2,"11":1,"12":1,"13":1,"14":1,"15":2,"16":2,"17":2,"18":2,"19":1,"20":1,"21":2,"22":2,"23":2,"24":1,"25":1,"26":1,"27":1,"28":1,"29":1,"30":1,"31":1,"32":1,"33":1,"34":1,"35":1,"36":1,"37":2,"38":2,"39":1,"40":2,"41":2,"42":1,"43":2,"44":2,"45":1,"46":2,"47":2,"48":1,"49":1,"50":1,"51":1,"52":1},"b":{"1":[2,1,1,1],"2":[1,1,1,1],"3":[1,1],"4":[1,1],"5":[1,1],"6":[1,1],"7":[1,1],"8":[1,1],"9":[1,1,1],"10":[1,1],"11":[1,1],"12":[1,1],"13":[1,1],"14":[1,1],"15":[1,1],"16":[1,1]},"f":{"1":2,"2":2,"3":2,"4":2,"5":2,"6":1,"7":1,"8":2,"9":2,"10":2,"11":2,"12":1},"fnMap":{"1":{"name":"(anonymous_1)","line":12,"loc":{"start":{"line":12,"column":1},"end":{"line":12,"column":13}}},"2":{"name":"(anonymous_2)","line":19,"loc":{"start":{"line":19,"column":5},"end":{"line":19,"column":17}}},"3":{"name":"(anonymous_3)","line":23,"loc":{"start":{"line":23,"column":24},"end":{"line":23,"column":36}}},"4":{"name":"(anonymous_4)","line":61,"loc":{"start":{"line":61,"column":5},"end":{"line":61,"column":17}}},"5":{"name":"(anonymous_5)","line":82,"loc":{"start":{"line":82,"column":5},"end":{"line":82,"column":17}}},"6":{"name":"(anonymous_6)","line":102,"loc":{"start":{"line":102,"column":83},"end":{"line":105,"column":10}},"skip":true},"7":{"name":"(anonymous_7)","line":113,"loc":{"start":{"line":113,"column":77},"end":{"line":116,"column":10}},"skip":true},"8":{"name":"(anonymous_8)","line":129,"loc":{"start":{"line":129,"column":12},"end":{"line":129,"column":40}},"skip":true},"9":{"name":"(anonymous_9)","line":137,"loc":{"start":{"line":137,"column":77},"end":{"line":140,"column":10}},"skip":true},"10":{"name":"(anonymous_10)","line":148,"loc":{"start":{"line":148,"column":83},"end":{"line":151,"column":10}},"skip":true},"11":{"name":"(anonymous_11)","line":159,"loc":{"start":{"line":159,"column":79},"end":{"line":162,"column":10}},"skip":true},"12":{"name":"(anonymous_12)","line":170,"loc":{"start":{"line":170,"column":75},"end":{"line":173,"column":10}},"skip":true}},"statementMap":{"1":{"start":{"line":12,"column":0},"end":{"line":185,"column":5}},"2":{"start":{"line":14,"column":4},"end":{"line":14,"column":14}},"3":{"start":{"line":19,"column":4},"end":{"line":56,"column":9}},"4":{"start":{"line":21,"column":8},"end":{"line":21,"column":19}},"5":{"start":{"line":23,"column":8},"end":{"line":35,"column":13}},"6":{"start":{"line":24,"column":12},"end":{"line":34,"column":13}},"7":{"start":{"line":25,"column":16},"end":{"line":28,"column":30}},"8":{"start":{"line":30,"column":16},"end":{"line":33,"column":27}},"9":{"start":{"line":37,"column":8},"end":{"line":39,"column":21}},"10":{"start":{"line":40,"column":8},"end":{"line":53,"column":9}},"11":{"start":{"line":43,"column":12},"end":{"line":46,"column":14}},"12":{"start":{"line":47,"column":12},"end":{"line":47,"column":18}},"13":{"start":{"line":50,"column":12},"end":{"line":51,"column":46}},"14":{"start":{"line":52,"column":12},"end":{"line":52,"column":18}},"15":{"start":{"line":55,"column":8},"end":{"line":55,"column":35}},"16":{"start":{"line":61,"column":4},"end":{"line":63,"column":9}},"17":{"start":{"line":62,"column":8},"end":{"line":62,"column":15}},"18":{"start":{"line":64,"column":4},"end":{"line":77,"column":5}},"19":{"start":{"line":70,"column":8},"end":{"line":70,"column":14}},"20":{"start":{"line":76,"column":8},"end":{"line":76,"column":14}},"21":{"start":{"line":82,"column":4},"end":{"line":84,"column":9}},"22":{"start":{"line":83,"column":8},"end":{"line":83,"column":15}},"23":{"start":{"line":85,"column":4},"end":{"line":184,"column":5}},"24":{"start":{"line":92,"column":8},"end":{"line":94,"column":63}},"25":{"start":{"line":95,"column":8},"end":{"line":95,"column":14}},"26":{"start":{"line":102,"column":8},"end":{"line":111,"column":10},"skip":true},"27":{"start":{"line":109,"column":12},"end":{"line":109,"column":55},"skip":true},"28":{"start":{"line":110,"column":12},"end":{"line":110,"column":48},"skip":true},"29":{"start":{"line":113,"column":8},"end":{"line":126,"column":10},"skip":true},"30":{"start":{"line":120,"column":12},"end":{"line":120,"column":76},"skip":true},"31":{"start":{"line":121,"column":12},"end":{"line":121,"column":73},"skip":true},"32":{"start":{"line":122,"column":12},"end":{"line":122,"column":74},"skip":true},"33":{"start":{"line":123,"column":12},"end":{"line":123,"column":79},"skip":true},"34":{"start":{"line":124,"column":12},"end":{"line":124,"column":25},"skip":true},"35":{"start":{"line":125,"column":12},"end":{"line":125,"column":45},"skip":true},"36":{"start":{"line":128,"column":8},"end":{"line":135,"column":14},"skip":true},"37":{"start":{"line":133,"column":16},"end":{"line":133,"column":29},"skip":true},"38":{"start":{"line":134,"column":16},"end":{"line":134,"column":55},"skip":true},"39":{"start":{"line":137,"column":8},"end":{"line":146,"column":10},"skip":true},"40":{"start":{"line":144,"column":12},"end":{"line":144,"column":25},"skip":true},"41":{"start":{"line":145,"column":12},"end":{"line":145,"column":45},"skip":true},"42":{"start":{"line":148,"column":8},"end":{"line":157,"column":10},"skip":true},"43":{"start":{"line":155,"column":12},"end":{"line":155,"column":25},"skip":true},"44":{"start":{"line":156,"column":12},"end":{"line":156,"column":48},"skip":true},"45":{"start":{"line":159,"column":8},"end":{"line":168,"column":10},"skip":true},"46":{"start":{"line":166,"column":12},"end":{"line":166,"column":25},"skip":true},"47":{"start":{"line":167,"column":12},"end":{"line":167,"column":46},"skip":true},"48":{"start":{"line":170,"column":8},"end":{"line":179,"column":10},"skip":true},"49":{"start":{"line":177,"column":12},"end":{"line":177,"column":94},"skip":true},"50":{"start":{"line":178,"column":12},"end":{"line":178,"column":48},"skip":true},"51":{"start":{"line":182,"column":8},"end":{"line":182,"column":35},"skip":true},"52":{"start":{"line":183,"column":8},"end":{"line":183,"column":14},"skip":true}},"branchMap":{"1":{"line":25,"type":"binary-expr","locations":[{"start":{"line":25,"column":23},"end":{"line":25,"column":62}},{"start":{"line":26,"column":20},"end":{"line":26,"column":70}},{"start":{"line":27,"column":20},"end":{"line":27,"column":71}},{"start":{"line":28,"column":20},"end":{"line":28,"column":29}}]},"2":{"line":30,"type":"binary-expr","locations":[{"start":{"line":30,"column":23},"end":{"line":30,"column":37}},{"start":{"line":31,"column":20},"end":{"line":31,"column":61}},{"start":{"line":32,"column":20},"end":{"line":32,"column":70}},{"start":{"line":33,"column":20},"end":{"line":33,"column":26}}]},"3":{"line":37,"type":"cond-expr","locations":[{"start":{"line":38,"column":14},"end":{"line":38,"column":20}},{"start":{"line":39,"column":14},"end":{"line":39,"column":20}}]},"4":{"line":40,"type":"switch","locations":[{"start":{"line":42,"column":8},"end":{"line":47,"column":18}},{"start":{"line":49,"column":8},"end":{"line":52,"column":18}}]},"5":{"line":44,"type":"binary-expr","locations":[{"start":{"line":44,"column":16},"end":{"line":44,"column":44}},{"start":{"line":44,"column":48},"end":{"line":44,"column":66}}]},"6":{"line":50,"type":"binary-expr","locations":[{"start":{"line":50,"column":21},"end":{"line":50,"column":49}},{"start":{"line":50,"column":53},"end":{"line":50,"column":72}}]},"7":{"line":64,"type":"switch","locations":[{"start":{"line":69,"column":4},"end":{"line":70,"column":14}},{"start":{"line":75,"column":4},"end":{"line":76,"column":14}}]},"8":{"line":85,"type":"switch","locations":[{"start":{"line":90,"column":4},"end":{"line":95,"column":14}},{"start":{"line":101,"column":4},"end":{"line":183,"column":14},"skip":true}]},"9":{"line":92,"type":"binary-expr","locations":[{"start":{"line":92,"column":18},"end":{"line":92,"column":32}},{"start":{"line":93,"column":12},"end":{"line":93,"column":53}},{"start":{"line":94,"column":12},"end":{"line":94,"column":61}}]},"10":{"line":102,"type":"binary-expr","locations":[{"start":{"line":102,"column":45},"end":{"line":102,"column":79},"skip":true},{"start":{"line":102,"column":83},"end":{"line":111,"column":9},"skip":true}]},"11":{"line":113,"type":"binary-expr","locations":[{"start":{"line":113,"column":42},"end":{"line":113,"column":73},"skip":true},{"start":{"line":113,"column":77},"end":{"line":126,"column":9},"skip":true}]},"12":{"line":128,"type":"binary-expr","locations":[{"start":{"line":128,"column":48},"end":{"line":128,"column":85},"skip":true},{"start":{"line":129,"column":12},"end":{"line":135,"column":13},"skip":true}]},"13":{"line":137,"type":"binary-expr","locations":[{"start":{"line":137,"column":42},"end":{"line":137,"column":73},"skip":true},{"start":{"line":137,"column":77},"end":{"line":146,"column":9},"skip":true}]},"14":{"line":148,"type":"binary-expr","locations":[{"start":{"line":148,"column":45},"end":{"line":148,"column":79},"skip":true},{"start":{"line":148,"column":83},"end":{"line":157,"column":9},"skip":true}]},"15":{"line":159,"type":"binary-expr","locations":[{"start":{"line":159,"column":43},"end":{"line":159,"column":75},"skip":true},{"start":{"line":159,"column":79},"end":{"line":168,"column":9},"skip":true}]},"16":{"line":170,"type":"binary-expr","locations":[{"start":{"line":170,"column":41},"end":{"line":170,"column":71},"skip":true},{"start":{"line":170,"column":75},"end":{"line":179,"column":9},"skip":true}]}},"code":["/* istanbul instrument in package npmtest_mongo_relation */","/*jslint","    bitwise: true,","    browser: true,","    maxerr: 8,","    maxlen: 96,","    node: true,","    nomen: true,","    regexp: true,","    stupid: true","*/","(function () {","    'use strict';","    var local;","","","","    // run shared js-env code - pre-init","    (function () {","        // init local","        local = {};","        // init modeJs","        local.modeJs = (function () {","            try {","                return typeof navigator.userAgent === 'string' &&","                    typeof document.querySelector('body') === 'object' &&","                    typeof XMLHttpRequest.prototype.open === 'function' &&","                    'browser';","            } catch (errorCaughtBrowser) {","                return module.exports &&","                    typeof process.versions.node === 'string' &&","                    typeof require('http').createServer === 'function' &&","                    'node';","            }","        }());","        // init global","        local.global = local.modeJs === 'browser'","            ? window","            : global;","        switch (local.modeJs) {","        // re-init local from window.local","        case 'browser':","            local = local.global.utility2.objectSetDefault(","                local.global.utility2_rollup || local.global.local,","                local.global.utility2","            );","            break;","        // re-init local from example.js","        case 'node':","            local = (local.global.utility2_rollup || require('utility2'))","                .requireExampleJsFromReadme();","            break;","        }","        // export local","        local.global.local = local;","    }());","","","","    // run shared js-env code - function","    (function () {","        return;","    }());","    switch (local.modeJs) {","","","","    // run browser js-env code - function","    case 'browser':","        break;","","","","    // run node js-env code - function","    case 'node':","        break;","    }","","","","    // run shared js-env code - post-init","    (function () {","        return;","    }());","    switch (local.modeJs) {","","","","    // run browser js-env code - post-init","    case 'browser':","        // run tests","        local.nop(local.modeTest &&","            document.querySelector('#testRunButton1') &&","            document.querySelector('#testRunButton1').click());","        break;","","","","    // run node js-env code - post-init","    /* istanbul ignore next */","    case 'node':","        local.testCase_buildApidoc_default = local.testCase_buildApidoc_default || function (","            options,","            onError","        ) {","        /*","         * this function will test buildApidoc's default handling-behavior-behavior","         */","            options = { modulePathList: module.paths };","            local.buildApidoc(options, onError);","        };","","        local.testCase_buildApp_default = local.testCase_buildApp_default || function (","            options,","            onError","        ) {","        /*","         * this function will test buildApp's default handling-behavior-behavior","         */","            local.testCase_buildReadme_default(options, local.onErrorThrow);","            local.testCase_buildLib_default(options, local.onErrorThrow);","            local.testCase_buildTest_default(options, local.onErrorThrow);","            local.testCase_buildCustomOrg_default(options, local.onErrorThrow);","            options = [];","            local.buildApp(options, onError);","        };","","        local.testCase_buildCustomOrg_default = local.testCase_buildCustomOrg_default ||","            function (options, onError) {","            /*","             * this function will test buildCustomOrg's default handling-behavior","             */","                options = {};","                local.buildCustomOrg(options, onError);","            };","","        local.testCase_buildLib_default = local.testCase_buildLib_default || function (","            options,","            onError","        ) {","        /*","         * this function will test buildLib's default handling-behavior","         */","            options = {};","            local.buildLib(options, onError);","        };","","        local.testCase_buildReadme_default = local.testCase_buildReadme_default || function (","            options,","            onError","        ) {","        /*","         * this function will test buildReadme's default handling-behavior-behavior","         */","            options = {};","            local.buildReadme(options, onError);","        };","","        local.testCase_buildTest_default = local.testCase_buildTest_default || function (","            options,","            onError","        ) {","        /*","         * this function will test buildTest's default handling-behavior","         */","            options = {};","            local.buildTest(options, onError);","        };","","        local.testCase_webpage_default = local.testCase_webpage_default || function (","            options,","            onError","        ) {","        /*","         * this function will test webpage's default handling-behavior","         */","            options = { modeCoverageMerge: true, url: local.serverLocalHost + '?modeTest=1' };","            local.browserTest(options, onError);","        };","","        // run test-server","        local.testRunServer(local);","        break;","    }","}());",""],"l":{"12":2,"14":2,"19":2,"21":2,"23":2,"24":2,"25":2,"30":1,"37":2,"40":2,"43":1,"47":1,"50":1,"52":1,"55":2,"61":2,"62":2,"64":2,"70":1,"76":1,"82":2,"83":2,"85":2,"92":1,"95":1,"102":1,"109":1,"110":1,"113":1,"120":1,"121":1,"122":1,"123":1,"124":1,"125":1,"128":1,"133":2,"134":2,"137":1,"144":2,"145":2,"148":1,"155":2,"156":2,"159":1,"166":2,"167":2,"170":1,"177":1,"178":1,"182":1,"183":1}},"/home/travis/build/npmtest/node-npmtest-mongo-relation/lib.npmtest_mongo_relation.js":{"path":"/home/travis/build/npmtest/node-npmtest-mongo-relation/lib.npmtest_mongo_relation.js","s":{"1":2,"2":2,"3":2,"4":2,"5":2,"6":2,"7":2,"8":1,"9":2,"10":2,"11":2,"12":2,"13":1,"14":1,"15":1,"16":1},"b":{"1":[2,1,1,1],"2":[1,1,1,1],"3":[1,1],"4":[2,2],"5":[1,1]},"f":{"1":2,"2":2,"3":2},"fnMap":{"1":{"name":"(anonymous_1)","line":12,"loc":{"start":{"line":12,"column":1},"end":{"line":12,"column":13}}},"2":{"name":"(anonymous_2)","line":19,"loc":{"start":{"line":19,"column":5},"end":{"line":19,"column":17}}},"3":{"name":"(anonymous_3)","line":23,"loc":{"start":{"line":23,"column":24},"end":{"line":23,"column":36}}}},"statementMap":{"1":{"start":{"line":12,"column":0},"end":{"line":53,"column":5}},"2":{"start":{"line":14,"column":4},"end":{"line":14,"column":14}},"3":{"start":{"line":19,"column":4},"end":{"line":52,"column":9}},"4":{"start":{"line":21,"column":8},"end":{"line":21,"column":19}},"5":{"start":{"line":23,"column":8},"end":{"line":35,"column":13}},"6":{"start":{"line":24,"column":12},"end":{"line":34,"column":13}},"7":{"start":{"line":25,"column":16},"end":{"line":28,"column":30}},"8":{"start":{"line":30,"column":16},"end":{"line":33,"column":27}},"9":{"start":{"line":37,"column":8},"end":{"line":39,"column":21}},"10":{"start":{"line":41,"column":8},"end":{"line":41,"column":54}},"11":{"start":{"line":43,"column":8},"end":{"line":43,"column":59}},"12":{"start":{"line":45,"column":8},"end":{"line":51,"column":9}},"13":{"start":{"line":46,"column":12},"end":{"line":46,"column":65}},"14":{"start":{"line":48,"column":12},"end":{"line":48,"column":35}},"15":{"start":{"line":49,"column":12},"end":{"line":49,"column":49}},"16":{"start":{"line":50,"column":12},"end":{"line":50,"column":43}}},"branchMap":{"1":{"line":25,"type":"binary-expr","locations":[{"start":{"line":25,"column":23},"end":{"line":25,"column":62}},{"start":{"line":26,"column":20},"end":{"line":26,"column":70}},{"start":{"line":27,"column":20},"end":{"line":27,"column":71}},{"start":{"line":28,"column":20},"end":{"line":28,"column":29}}]},"2":{"line":30,"type":"binary-expr","locations":[{"start":{"line":30,"column":23},"end":{"line":30,"column":37}},{"start":{"line":31,"column":20},"end":{"line":31,"column":61}},{"start":{"line":32,"column":20},"end":{"line":32,"column":70}},{"start":{"line":33,"column":20},"end":{"line":33,"column":26}}]},"3":{"line":37,"type":"cond-expr","locations":[{"start":{"line":38,"column":14},"end":{"line":38,"column":20}},{"start":{"line":39,"column":14},"end":{"line":39,"column":20}}]},"4":{"line":41,"type":"binary-expr","locations":[{"start":{"line":41,"column":16},"end":{"line":41,"column":44}},{"start":{"line":41,"column":48},"end":{"line":41,"column":53}}]},"5":{"line":45,"type":"if","locations":[{"start":{"line":45,"column":8},"end":{"line":45,"column":8}},{"start":{"line":45,"column":8},"end":{"line":45,"column":8}}]}},"code":["/* istanbul instrument in package npmtest_mongo_relation */","/*jslint","    bitwise: true,","    browser: true,","    maxerr: 8,","    maxlen: 96,","    node: true,","    nomen: true,","    regexp: true,","    stupid: true","*/","(function () {","    'use strict';","    var local;","","","","    // run shared js-env code - pre-init","    (function () {","        // init local","        local = {};","        // init modeJs","        local.modeJs = (function () {","            try {","                return typeof navigator.userAgent === 'string' &&","                    typeof document.querySelector('body') === 'object' &&","                    typeof XMLHttpRequest.prototype.open === 'function' &&","                    'browser';","            } catch (errorCaughtBrowser) {","                return module.exports &&","                    typeof process.versions.node === 'string' &&","                    typeof require('http').createServer === 'function' &&","                    'node';","            }","        }());","        // init global","        local.global = local.modeJs === 'browser'","            ? window","            : global;","        // init utility2_rollup","        local = local.global.utility2_rollup || local;","        // init lib","        local.local = local.npmtest_mongo_relation = local;","        // init exports","        if (local.modeJs === 'browser') {","            local.global.utility2_npmtest_mongo_relation = local;","        } else {","            module.exports = local;","            module.exports.__dirname = __dirname;","            module.exports.module = module;","        }","    }());","}());",""],"l":{"12":2,"14":2,"19":2,"21":2,"23":2,"24":2,"25":2,"30":1,"37":2,"41":2,"43":2,"45":2,"46":1,"48":1,"49":1,"50":1}},"/home/travis/build/npmtest/node-npmtest-mongo-relation/example.js":{"path":"/home/travis/build/npmtest/node-npmtest-mongo-relation/example.js","s":{"1":2,"2":2,"3":2,"4":2,"5":2,"6":2,"7":2,"8":1,"9":2,"10":2,"11":2,"12":2,"13":1,"14":2,"15":2,"16":2,"17":2,"18":2,"19":0,"20":2,"21":1,"22":1,"23":1,"24":1,"25":1,"26":0,"27":0,"28":1,"29":1,"30":2,"31":0,"32":0,"33":0,"34":1,"35":2,"36":2,"37":2,"38":2,"39":2,"40":2,"41":0,"42":2,"43":2,"44":2,"45":1,"46":3,"47":1,"48":1,"49":1,"50":1,"51":1,"52":1,"53":1,"54":1,"55":1,"56":1,"57":0,"58":1,"59":6,"60":6,"61":1,"62":2,"63":0,"64":2,"65":1,"66":1,"67":0,"68":0,"69":0,"70":0,"71":0,"72":0,"73":0,"74":0,"75":0,"76":0,"77":0,"78":0,"79":0,"80":0,"81":0,"82":0,"83":0},"b":{"1":[2,1,1,1],"2":[1,1,1,1],"3":[1,1],"4":[2,2],"5":[1,1],"6":[1,1],"7":[2,0],"8":[2,1,1,1,1,1],"9":[0,2,0],"10":[1,1],"11":[2,1,1],"12":[1,0],"13":[0,2],"14":[2,0,0,0,0,0,0],"15":[0,2],"16":[2,0],"17":[1,1],"18":[0,1],"19":[1,2,0,2],"20":[1,0],"21":[1,1],"22":[0,0],"23":[0,0],"24":[0,0],"25":[0,0],"26":[0,0],"27":[0,0],"28":[0,0]},"f":{"1":2,"2":2,"3":2,"4":2,"5":2,"6":2,"7":2,"8":2,"9":3,"10":1,"11":6,"12":0},"fnMap":{"1":{"name":"(anonymous_1)","line":26,"loc":{"start":{"line":26,"column":1},"end":{"line":26,"column":13}}},"2":{"name":"(anonymous_2)","line":33,"loc":{"start":{"line":33,"column":5},"end":{"line":33,"column":17}}},"3":{"name":"(anonymous_3)","line":37,"loc":{"start":{"line":37,"column":24},"end":{"line":37,"column":36}}},"4":{"name":"(anonymous_4)","line":69,"loc":{"start":{"line":69,"column":31},"end":{"line":69,"column":48}},"skip":true},"5":{"name":"(anonymous_5)","line":78,"loc":{"start":{"line":78,"column":26},"end":{"line":78,"column":45}},"skip":true},"6":{"name":"(anonymous_6)","line":123,"loc":{"start":{"line":123,"column":33},"end":{"line":123,"column":48}},"skip":true},"7":{"name":"(anonymous_7)","line":125,"loc":{"start":{"line":125,"column":27},"end":{"line":125,"column":39}},"skip":true},"8":{"name":"(anonymous_8)","line":133,"loc":{"start":{"line":133,"column":59},"end":{"line":133,"column":74}},"skip":true},"9":{"name":"(anonymous_9)","line":143,"loc":{"start":{"line":143,"column":45},"end":{"line":143,"column":62}},"skip":true},"10":{"name":"(anonymous_10)","line":144,"loc":{"start":{"line":144,"column":73},"end":{"line":144,"column":92}},"skip":true},"11":{"name":"(anonymous_11)","line":272,"loc":{"start":{"line":272,"column":51},"end":{"line":272,"column":77}},"skip":true},"12":{"name":"(anonymous_12)","line":314,"loc":{"start":{"line":314,"column":32},"end":{"line":314,"column":61}},"skip":true}},"statementMap":{"1":{"start":{"line":26,"column":0},"end":{"line":325,"column":5}},"2":{"start":{"line":28,"column":4},"end":{"line":28,"column":14}},"3":{"start":{"line":33,"column":4},"end":{"line":60,"column":9}},"4":{"start":{"line":35,"column":8},"end":{"line":35,"column":19}},"5":{"start":{"line":37,"column":8},"end":{"line":49,"column":13}},"6":{"start":{"line":38,"column":12},"end":{"line":48,"column":13}},"7":{"start":{"line":39,"column":16},"end":{"line":42,"column":30}},"8":{"start":{"line":44,"column":16},"end":{"line":47,"column":27}},"9":{"start":{"line":51,"column":8},"end":{"line":53,"column":21}},"10":{"start":{"line":55,"column":8},"end":{"line":57,"column":45}},"11":{"start":{"line":59,"column":8},"end":{"line":59,"column":35}},"12":{"start":{"line":61,"column":4},"end":{"line":324,"column":5}},"13":{"start":{"line":69,"column":8},"end":{"line":121,"column":10},"skip":true},"14":{"start":{"line":70,"column":12},"end":{"line":88,"column":13},"skip":true},"15":{"start":{"line":76,"column":16},"end":{"line":87,"column":19},"skip":true},"16":{"start":{"line":79,"column":20},"end":{"line":86,"column":21},"skip":true},"17":{"start":{"line":82,"column":24},"end":{"line":82,"column":43},"skip":true},"18":{"start":{"line":83,"column":24},"end":{"line":83,"column":30},"skip":true},"19":{"start":{"line":85,"column":24},"end":{"line":85,"column":49},"skip":true},"20":{"start":{"line":89,"column":12},"end":{"line":107,"column":13},"skip":true},"21":{"start":{"line":92,"column":16},"end":{"line":102,"column":17},"skip":true},"22":{"start":{"line":93,"column":20},"end":{"line":93,"column":86},"skip":true},"23":{"start":{"line":94,"column":20},"end":{"line":95,"column":45},"skip":true},"24":{"start":{"line":96,"column":20},"end":{"line":96,"column":42},"skip":true},"25":{"start":{"line":97,"column":20},"end":{"line":97,"column":48},"skip":true},"26":{"start":{"line":100,"column":20},"end":{"line":100,"column":85},"skip":true},"27":{"start":{"line":101,"column":20},"end":{"line":101,"column":96},"skip":true},"28":{"start":{"line":103,"column":16},"end":{"line":103,"column":22},"skip":true},"29":{"start":{"line":106,"column":16},"end":{"line":106,"column":22},"skip":true},"30":{"start":{"line":108,"column":12},"end":{"line":120,"column":13},"skip":true},"31":{"start":{"line":114,"column":16},"end":{"line":119,"column":17},"skip":true},"32":{"start":{"line":116,"column":20},"end":{"line":116,"column":78},"skip":true},"33":{"start":{"line":118,"column":20},"end":{"line":118,"column":47},"skip":true},"34":{"start":{"line":123,"column":8},"end":{"line":141,"column":11},"skip":true},"35":{"start":{"line":124,"column":12},"end":{"line":124,"column":54},"skip":true},"36":{"start":{"line":125,"column":12},"end":{"line":140,"column":14},"skip":true},"37":{"start":{"line":126,"column":16},"end":{"line":126,"column":28},"skip":true},"38":{"start":{"line":127,"column":16},"end":{"line":127,"column":69},"skip":true},"39":{"start":{"line":128,"column":16},"end":{"line":128,"column":75},"skip":true},"40":{"start":{"line":129,"column":16},"end":{"line":131,"column":17},"skip":true},"41":{"start":{"line":130,"column":20},"end":{"line":130,"column":27},"skip":true},"42":{"start":{"line":133,"column":16},"end":{"line":137,"column":36},"skip":true},"43":{"start":{"line":134,"column":20},"end":{"line":136,"column":55},"skip":true},"44":{"start":{"line":139,"column":16},"end":{"line":139,"column":57},"skip":true},"45":{"start":{"line":143,"column":8},"end":{"line":147,"column":11},"skip":true},"46":{"start":{"line":144,"column":12},"end":{"line":146,"column":15},"skip":true},"47":{"start":{"line":145,"column":16},"end":{"line":145,"column":70},"skip":true},"48":{"start":{"line":149,"column":8},"end":{"line":149,"column":31},"skip":true},"49":{"start":{"line":150,"column":8},"end":{"line":150,"column":14},"skip":true},"50":{"start":{"line":158,"column":8},"end":{"line":158,"column":31},"skip":true},"51":{"start":{"line":160,"column":8},"end":{"line":160,"column":33},"skip":true},"52":{"start":{"line":161,"column":8},"end":{"line":161,"column":37},"skip":true},"53":{"start":{"line":162,"column":8},"end":{"line":162,"column":35},"skip":true},"54":{"start":{"line":164,"column":8},"end":{"line":164,"column":50},"skip":true},"55":{"start":{"line":166,"column":8},"end":{"line":256,"column":2},"skip":true},"56":{"start":{"line":258,"column":8},"end":{"line":286,"column":9},"skip":true},"57":{"start":{"line":259,"column":12},"end":{"line":269,"column":14},"skip":true},"58":{"start":{"line":271,"column":12},"end":{"line":285,"column":19},"skip":true},"59":{"start":{"line":274,"column":20},"end":{"line":274,"column":35},"skip":true},"60":{"start":{"line":275,"column":20},"end":{"line":284,"column":21},"skip":true},"61":{"start":{"line":277,"column":24},"end":{"line":277,"column":64},"skip":true},"62":{"start":{"line":279,"column":24},"end":{"line":279,"column":40},"skip":true},"63":{"start":{"line":281,"column":24},"end":{"line":281,"column":40},"skip":true},"64":{"start":{"line":283,"column":24},"end":{"line":283,"column":39},"skip":true},"65":{"start":{"line":288,"column":8},"end":{"line":290,"column":9},"skip":true},"66":{"start":{"line":289,"column":12},"end":{"line":289,"column":18},"skip":true},"67":{"start":{"line":291,"column":8},"end":{"line":293,"column":54},"skip":true},"68":{"start":{"line":294,"column":8},"end":{"line":301,"column":37},"skip":true},"69":{"start":{"line":302,"column":8},"end":{"line":302,"column":82},"skip":true},"70":{"start":{"line":305,"column":8},"end":{"line":307,"column":9},"skip":true},"71":{"start":{"line":306,"column":12},"end":{"line":306,"column":82},"skip":true},"72":{"start":{"line":309,"column":8},"end":{"line":311,"column":9},"skip":true},"73":{"start":{"line":310,"column":12},"end":{"line":310,"column":18},"skip":true},"74":{"start":{"line":312,"column":8},"end":{"line":312,"column":54},"skip":true},"75":{"start":{"line":313,"column":8},"end":{"line":313,"column":69},"skip":true},"76":{"start":{"line":314,"column":8},"end":{"line":322,"column":36},"skip":true},"77":{"start":{"line":315,"column":12},"end":{"line":315,"column":61},"skip":true},"78":{"start":{"line":316,"column":12},"end":{"line":319,"column":13},"skip":true},"79":{"start":{"line":317,"column":16},"end":{"line":317,"column":75},"skip":true},"80":{"start":{"line":318,"column":16},"end":{"line":318,"column":23},"skip":true},"81":{"start":{"line":320,"column":12},"end":{"line":320,"column":38},"skip":true},"82":{"start":{"line":321,"column":12},"end":{"line":321,"column":27},"skip":true},"83":{"start":{"line":323,"column":8},"end":{"line":323,"column":14},"skip":true}},"branchMap":{"1":{"line":39,"type":"binary-expr","locations":[{"start":{"line":39,"column":23},"end":{"line":39,"column":62}},{"start":{"line":40,"column":20},"end":{"line":40,"column":70}},{"start":{"line":41,"column":20},"end":{"line":41,"column":71}},{"start":{"line":42,"column":20},"end":{"line":42,"column":29}}]},"2":{"line":44,"type":"binary-expr","locations":[{"start":{"line":44,"column":23},"end":{"line":44,"column":37}},{"start":{"line":45,"column":20},"end":{"line":45,"column":61}},{"start":{"line":46,"column":20},"end":{"line":46,"column":70}},{"start":{"line":47,"column":20},"end":{"line":47,"column":26}}]},"3":{"line":51,"type":"cond-expr","locations":[{"start":{"line":52,"column":14},"end":{"line":52,"column":20}},{"start":{"line":53,"column":14},"end":{"line":53,"column":20}}]},"4":{"line":55,"type":"binary-expr","locations":[{"start":{"line":55,"column":16},"end":{"line":55,"column":44}},{"start":{"line":55,"column":49},"end":{"line":57,"column":43}}]},"5":{"line":55,"type":"cond-expr","locations":[{"start":{"line":56,"column":14},"end":{"line":56,"column":58}},{"start":{"line":57,"column":14},"end":{"line":57,"column":43}}]},"6":{"line":61,"type":"switch","locations":[{"start":{"line":68,"column":4},"end":{"line":150,"column":14},"skip":true},{"start":{"line":156,"column":4},"end":{"line":323,"column":14},"skip":true}]},"7":{"line":70,"type":"if","locations":[{"start":{"line":70,"column":12},"end":{"line":70,"column":12},"skip":true},{"start":{"line":70,"column":12},"end":{"line":70,"column":12},"skip":true}]},"8":{"line":70,"type":"binary-expr","locations":[{"start":{"line":70,"column":16},"end":{"line":70,"column":22},"skip":true},{"start":{"line":70,"column":27},"end":{"line":70,"column":32},"skip":true},{"start":{"line":71,"column":20},"end":{"line":71,"column":39},"skip":true},{"start":{"line":72,"column":20},"end":{"line":72,"column":49},"skip":true},{"start":{"line":73,"column":20},"end":{"line":73,"column":58},"skip":true},{"start":{"line":74,"column":20},"end":{"line":74,"column":69},"skip":true}]},"9":{"line":79,"type":"switch","locations":[{"start":{"line":80,"column":20},"end":{"line":80,"column":33},"skip":true},{"start":{"line":81,"column":20},"end":{"line":83,"column":30},"skip":true},{"start":{"line":84,"column":20},"end":{"line":85,"column":49},"skip":true}]},"10":{"line":89,"type":"switch","locations":[{"start":{"line":90,"column":12},"end":{"line":103,"column":22},"skip":true},{"start":{"line":105,"column":12},"end":{"line":106,"column":22},"skip":true}]},"11":{"line":89,"type":"binary-expr","locations":[{"start":{"line":89,"column":20},"end":{"line":89,"column":25},"skip":true},{"start":{"line":89,"column":29},"end":{"line":89,"column":48},"skip":true},{"start":{"line":89,"column":52},"end":{"line":89,"column":74},"skip":true}]},"12":{"line":92,"type":"if","locations":[{"start":{"line":92,"column":16},"end":{"line":92,"column":16},"skip":true},{"start":{"line":92,"column":16},"end":{"line":92,"column":16},"skip":true}]},"13":{"line":108,"type":"if","locations":[{"start":{"line":108,"column":12},"end":{"line":108,"column":12},"skip":true},{"start":{"line":108,"column":12},"end":{"line":108,"column":12},"skip":true}]},"14":{"line":108,"type":"binary-expr","locations":[{"start":{"line":108,"column":16},"end":{"line":108,"column":61},"skip":true},{"start":{"line":108,"column":66},"end":{"line":108,"column":72},"skip":true},{"start":{"line":108,"column":77},"end":{"line":108,"column":82},"skip":true},{"start":{"line":109,"column":20},"end":{"line":109,"column":39},"skip":true},{"start":{"line":110,"column":20},"end":{"line":110,"column":49},"skip":true},{"start":{"line":111,"column":20},"end":{"line":111,"column":58},"skip":true},{"start":{"line":112,"column":20},"end":{"line":112,"column":68},"skip":true}]},"15":{"line":129,"type":"if","locations":[{"start":{"line":129,"column":16},"end":{"line":129,"column":16},"skip":true},{"start":{"line":129,"column":16},"end":{"line":129,"column":16},"skip":true}]},"16":{"line":134,"type":"cond-expr","locations":[{"start":{"line":135,"column":26},"end":{"line":135,"column":29},"skip":true},{"start":{"line":136,"column":26},"end":{"line":136,"column":54},"skip":true}]},"17":{"line":164,"type":"binary-expr","locations":[{"start":{"line":164,"column":27},"end":{"line":164,"column":43},"skip":true},{"start":{"line":164,"column":47},"end":{"line":164,"column":49},"skip":true}]},"18":{"line":258,"type":"if","locations":[{"start":{"line":258,"column":8},"end":{"line":258,"column":8},"skip":true},{"start":{"line":258,"column":8},"end":{"line":258,"column":8},"skip":true}]},"19":{"line":275,"type":"switch","locations":[{"start":{"line":276,"column":20},"end":{"line":277,"column":64},"skip":true},{"start":{"line":278,"column":20},"end":{"line":279,"column":40},"skip":true},{"start":{"line":280,"column":20},"end":{"line":281,"column":40},"skip":true},{"start":{"line":282,"column":20},"end":{"line":283,"column":39},"skip":true}]},"20":{"line":288,"type":"if","locations":[{"start":{"line":288,"column":8},"end":{"line":288,"column":8},"skip":true},{"start":{"line":288,"column":8},"end":{"line":288,"column":8},"skip":true}]},"21":{"line":288,"type":"binary-expr","locations":[{"start":{"line":288,"column":12},"end":{"line":288,"column":40},"skip":true},{"start":{"line":288,"column":44},"end":{"line":288,"column":67},"skip":true}]},"22":{"line":292,"type":"binary-expr","locations":[{"start":{"line":292,"column":12},"end":{"line":292,"column":50},"skip":true},{"start":{"line":293,"column":12},"end":{"line":293,"column":53},"skip":true}]},"23":{"line":295,"type":"binary-expr","locations":[{"start":{"line":295,"column":12},"end":{"line":295,"column":72},"skip":true},{"start":{"line":296,"column":12},"end":{"line":301,"column":36},"skip":true}]},"24":{"line":302,"type":"binary-expr","locations":[{"start":{"line":302,"column":43},"end":{"line":302,"column":75},"skip":true},{"start":{"line":302,"column":79},"end":{"line":302,"column":81},"skip":true}]},"25":{"line":305,"type":"if","locations":[{"start":{"line":305,"column":8},"end":{"line":305,"column":8},"skip":true},{"start":{"line":305,"column":8},"end":{"line":305,"column":8},"skip":true}]},"26":{"line":309,"type":"if","locations":[{"start":{"line":309,"column":8},"end":{"line":309,"column":8},"skip":true},{"start":{"line":309,"column":8},"end":{"line":309,"column":8},"skip":true}]},"27":{"line":312,"type":"binary-expr","locations":[{"start":{"line":312,"column":27},"end":{"line":312,"column":43},"skip":true},{"start":{"line":312,"column":47},"end":{"line":312,"column":53},"skip":true}]},"28":{"line":316,"type":"if","locations":[{"start":{"line":316,"column":12},"end":{"line":316,"column":12},"skip":true},{"start":{"line":316,"column":12},"end":{"line":316,"column":12},"skip":true}]}},"code":["/*","example.js","","quickstart example","","instruction","    1. save this script as example.js","    2. run the shell command:","        $ npm install npmtest-mongo-relation && PORT=8081 node example.js","    3. play with the browser-demo on http://127.0.0.1:8081","*/","","","","/* istanbul instrument in package npmtest_mongo_relation */","/*jslint","    bitwise: true,","    browser: true,","    maxerr: 8,","    maxlen: 96,","    node: true,","    nomen: true,","    regexp: true,","    stupid: true","*/","(function () {","    'use strict';","    var local;","","","","    // run shared js-env code - pre-init","    (function () {","        // init local","        local = {};","        // init modeJs","        local.modeJs = (function () {","            try {","                return typeof navigator.userAgent === 'string' &&","                    typeof document.querySelector('body') === 'object' &&","                    typeof XMLHttpRequest.prototype.open === 'function' &&","                    'browser';","            } catch (errorCaughtBrowser) {","                return module.exports &&","                    typeof process.versions.node === 'string' &&","                    typeof require('http').createServer === 'function' &&","                    'node';","            }","        }());","        // init global","        local.global = local.modeJs === 'browser'","            ? window","            : global;","        // init utility2_rollup","        local = local.global.utility2_rollup || (local.modeJs === 'browser'","            ? local.global.utility2_npmtest_mongo_relation","            : global.utility2_moduleExports);","        // export local","        local.global.local = local;","    }());","    switch (local.modeJs) {","","","","    // post-init","    // run browser js-env code - post-init","    /* istanbul ignore next */","    case 'browser':","        local.testRunBrowser = function (event) {","            if (!event || (event &&","                    event.currentTarget &&","                    event.currentTarget.className &&","                    event.currentTarget.className.includes &&","                    event.currentTarget.className.includes('onreset'))) {","                // reset output","                Array.from(","                    document.querySelectorAll('body > .resettable')","                ).forEach(function (element) {","                    switch (element.tagName) {","                    case 'INPUT':","                    case 'TEXTAREA':","                        element.value = '';","                        break;","                    default:","                        element.textContent = '';","                    }","                });","            }","            switch (event && event.currentTarget && event.currentTarget.id) {","            case 'testRunButton1':","                // show tests","                if (document.querySelector('#testReportDiv1').style.display === 'none') {","                    document.querySelector('#testReportDiv1').style.display = 'block';","                    document.querySelector('#testRunButton1').textContent =","                        'hide internal test';","                    local.modeTest = true;","                    local.testRunDefault(local);","                // hide tests","                } else {","                    document.querySelector('#testReportDiv1').style.display = 'none';","                    document.querySelector('#testRunButton1').textContent = 'run internal test';","                }","                break;","            // custom-case","            default:","                break;","            }","            if (document.querySelector('#inputTextareaEval1') && (!event || (event &&","                    event.currentTarget &&","                    event.currentTarget.className &&","                    event.currentTarget.className.includes &&","                    event.currentTarget.className.includes('oneval')))) {","                // try to eval input-code","                try {","                    /*jslint evil: true*/","                    eval(document.querySelector('#inputTextareaEval1').value);","                } catch (errorCaught) {","                    console.error(errorCaught);","                }","            }","        };","        // log stderr and stdout to #outputTextareaStdout1","        ['error', 'log'].forEach(function (key) {","            console[key + '_original'] = console[key];","            console[key] = function () {","                var element;","                console[key + '_original'].apply(console, arguments);","                element = document.querySelector('#outputTextareaStdout1');","                if (!element) {","                    return;","                }","                // append text to #outputTextareaStdout1","                element.value += Array.from(arguments).map(function (arg) {","                    return typeof arg === 'string'","                        ? arg","                        : JSON.stringify(arg, null, 4);","                }).join(' ') + '\\n';","                // scroll textarea to bottom","                element.scrollTop = element.scrollHeight;","            };","        });","        // init event-handling","        ['change', 'click', 'keyup'].forEach(function (event) {","            Array.from(document.querySelectorAll('.on' + event)).forEach(function (element) {","                element.addEventListener(event, local.testRunBrowser);","            });","        });","        // run tests","        local.testRunBrowser();","        break;","","","","    // run node js-env code - post-init","    /* istanbul ignore next */","    case 'node':","        // export local","        module.exports = local;","        // require modules","        local.fs = require('fs');","        local.http = require('http');","        local.url = require('url');","        // init assets","        local.assetsDict = local.assetsDict || {};","        /* jslint-ignore-begin */","        local.assetsDict['/assets.index.template.html'] = '\\","<!doctype html>\\n\\","<html lang=\"en\">\\n\\","<head>\\n\\","<meta charset=\"UTF-8\">\\n\\","<meta name=\"viewport\" content=\"width=device-width, initial-scale=1\">\\n\\","<title>{{env.npm_package_name}} (v{{env.npm_package_version}})</title>\\n\\","<style>\\n\\","/*csslint\\n\\","    box-sizing: false,\\n\\","    universal-selector: false\\n\\","*/\\n\\","* {\\n\\","    box-sizing: border-box;\\n\\","}\\n\\","body {\\n\\","    background: #dde;\\n\\","    font-family: Arial, Helvetica, sans-serif;\\n\\","    margin: 2rem;\\n\\","}\\n\\","body > * {\\n\\","    margin-bottom: 1rem;\\n\\","}\\n\\",".utility2FooterDiv {\\n\\","    margin-top: 20px;\\n\\","    text-align: center;\\n\\","}\\n\\","</style>\\n\\","<style>\\n\\","/*csslint\\n\\","*/\\n\\","textarea {\\n\\","    font-family: monospace;\\n\\","    height: 10rem;\\n\\","    width: 100%;\\n\\","}\\n\\","textarea[readonly] {\\n\\","    background: #ddd;\\n\\","}\\n\\","</style>\\n\\","</head>\\n\\","<body>\\n\\","<!-- utility2-comment\\n\\","<div id=\"ajaxProgressDiv1\" style=\"background: #d00; height: 2px; left: 0; margin: 0; padding: 0; position: fixed; top: 0; transition: background 0.5s, width 1.5s; width: 25%;\"></div>\\n\\","utility2-comment -->\\n\\","<h1>\\n\\","<!-- utility2-comment\\n\\","    <a\\n\\","        {{#if env.npm_package_homepage}}\\n\\","        href=\"{{env.npm_package_homepage}}\"\\n\\","        {{/if env.npm_package_homepage}}\\n\\","        target=\"_blank\"\\n\\","    >\\n\\","utility2-comment -->\\n\\","        {{env.npm_package_name}} (v{{env.npm_package_version}})\\n\\","<!-- utility2-comment\\n\\","    </a>\\n\\","utility2-comment -->\\n\\","</h1>\\n\\","<h3>{{env.npm_package_description}}</h3>\\n\\","<!-- utility2-comment\\n\\","<h4><a download href=\"assets.app.js\">download standalone app</a></h4>\\n\\","<button class=\"onclick onreset\" id=\"testRunButton1\">run internal test</button><br>\\n\\","<div id=\"testReportDiv1\" style=\"display: none;\"></div>\\n\\","utility2-comment -->\\n\\","\\n\\","\\n\\","\\n\\","<label>stderr and stdout</label>\\n\\","<textarea class=\"resettable\" id=\"outputTextareaStdout1\" readonly></textarea>\\n\\","<!-- utility2-comment\\n\\","{{#if isRollup}}\\n\\","<script src=\"assets.app.js\"></script>\\n\\","{{#unless isRollup}}\\n\\","utility2-comment -->\\n\\","<script src=\"assets.utility2.rollup.js\"></script>\\n\\","<script src=\"jsonp.utility2._stateInit?callback=window.utility2._stateInit\"></script>\\n\\","<script src=\"assets.npmtest_mongo_relation.rollup.js\"></script>\\n\\","<script src=\"assets.example.js\"></script>\\n\\","<script src=\"assets.test.js\"></script>\\n\\","<!-- utility2-comment\\n\\","{{/if isRollup}}\\n\\","utility2-comment -->\\n\\","<div class=\"utility2FooterDiv\">\\n\\","    [ this app was created with\\n\\","    <a href=\"https://github.com/kaizhu256/node-utility2\" target=\"_blank\">utility2</a>\\n\\","    ]\\n\\","</div>\\n\\","</body>\\n\\","</html>\\n\\","';","        /* jslint-ignore-end */","        if (local.templateRender) {","            local.assetsDict['/'] = local.templateRender(","                local.assetsDict['/assets.index.template.html'],","                {","                    env: local.objectSetDefault(local.env, {","                        npm_package_description: 'the greatest app in the world!',","                        npm_package_name: 'my-app',","                        npm_package_nameAlias: 'my_app',","                        npm_package_version: '0.0.1'","                    })","                }","            );","        } else {","            local.assetsDict['/'] = local.assetsDict['/assets.index.template.html']","                .replace((/\\{\\{env\\.(\\w+?)\\}\\}/g), function (match0, match1) {","                    // jslint-hack","                    String(match0);","                    switch (match1) {","                    case 'npm_package_description':","                        return 'the greatest app in the world!';","                    case 'npm_package_name':","                        return 'my-app';","                    case 'npm_package_nameAlias':","                        return 'my_app';","                    case 'npm_package_version':","                        return '0.0.1';","                    }","                });","        }","        // run the cli","        if (local.global.utility2_rollup || module !== require.main) {","            break;","        }","        local.assetsDict['/assets.example.js'] =","            local.assetsDict['/assets.example.js'] ||","            local.fs.readFileSync(__filename, 'utf8');","        local.assetsDict['/assets.npmtest_mongo_relation.rollup.js'] =","            local.assetsDict['/assets.npmtest_mongo_relation.rollup.js'] ||","            local.fs.readFileSync(","                // buildCustomOrg-hack","                local.npmtest_mongo_relation.__dirname +","                    '/lib.npmtest_mongo_relation.js',","                'utf8'","            ).replace((/^#!/), '//');","        local.assetsDict['/favicon.ico'] = local.assetsDict['/favicon.ico'] || '';","        // if $npm_config_timeout_exit exists,","        // then exit this process after $npm_config_timeout_exit ms","        if (Number(process.env.npm_config_timeout_exit)) {","            setTimeout(process.exit, Number(process.env.npm_config_timeout_exit));","        }","        // start server","        if (local.global.utility2_serverHttp1) {","            break;","        }","        process.env.PORT = process.env.PORT || '8081';","        console.error('server starting on port ' + process.env.PORT);","        local.http.createServer(function (request, response) {","            request.urlParsed = local.url.parse(request.url);","            if (local.assetsDict[request.urlParsed.pathname] !== undefined) {","                response.end(local.assetsDict[request.urlParsed.pathname]);","                return;","            }","            response.statusCode = 404;","            response.end();","        }).listen(process.env.PORT);","        break;","    }","}());",""],"l":{"26":2,"28":2,"33":2,"35":2,"37":2,"38":2,"39":2,"44":1,"51":2,"55":2,"59":2,"61":2,"69":1,"70":2,"76":2,"79":2,"82":2,"83":2,"85":1,"89":2,"92":1,"93":1,"94":1,"96":1,"97":1,"100":1,"101":1,"103":1,"106":1,"108":2,"114":1,"116":1,"118":1,"123":1,"124":2,"125":2,"126":2,"127":2,"128":2,"129":2,"130":1,"133":2,"134":2,"139":2,"143":1,"144":3,"145":1,"149":1,"150":1,"158":1,"160":1,"161":1,"162":1,"164":1,"166":1,"258":1,"259":1,"271":1,"274":6,"275":6,"277":1,"279":2,"281":1,"283":2,"288":1,"289":1,"291":1,"294":1,"302":1,"305":1,"306":1,"309":1,"310":1,"312":1,"313":1,"314":1,"315":1,"316":1,"317":1,"318":1,"320":1,"321":1,"323":1}},"/home/travis/build/npmtest/node-npmtest-mongo-relation/node_modules/mongo-relation/index.js":{"path":"/home/travis/build/npmtest/node-npmtest-mongo-relation/node_modules/mongo-relation/index.js","s":{"1":1},"b":{},"f":{},"fnMap":{},"statementMap":{"1":{"start":{"line":1,"column":0},"end":{"line":1,"column":35}}},"branchMap":{},"code":["module.exports = require('./lib/');"],"l":{"1":1}},"/home/travis/build/npmtest/node-npmtest-mongo-relation/node_modules/mongo-relation/lib/index.js":{"path":"/home/travis/build/npmtest/node-npmtest-mongo-relation/node_modules/mongo-relation/lib/index.js","s":{"1":1},"b":{},"f":{},"fnMap":{},"statementMap":{"1":{"start":{"line":1,"column":0},"end":{"line":1,"column":44}}},"branchMap":{},"code":["module.exports = require('./relationships');"],"l":{"1":1}},"/home/travis/build/npmtest/node-npmtest-mongo-relation/node_modules/mongo-relation/lib/relationships.js":{"path":"/home/travis/build/npmtest/node-npmtest-mongo-relation/node_modules/mongo-relation/lib/relationships.js","s":{"1":1,"2":1,"3":0,"4":0,"5":0,"6":0,"7":0,"8":0,"9":0,"10":0,"11":0,"12":0,"13":0,"14":0,"15":0,"16":0,"17":1,"18":0,"19":1,"20":0,"21":1,"22":0,"23":1,"24":0,"25":1,"26":0,"27":0,"28":0,"29":0,"30":0,"31":0,"32":0,"33":0,"34":0,"35":0,"36":1,"37":0,"38":1,"39":0,"40":0,"41":0,"42":0,"43":0,"44":0,"45":0,"46":0,"47":0,"48":0,"49":0,"50":0,"51":0,"52":1,"53":0,"54":0,"55":0,"56":0,"57":0,"58":0,"59":0,"60":0,"61":0,"62":0,"63":0,"64":0,"65":0,"66":0,"67":1,"68":0,"69":0,"70":0,"71":0,"72":0,"73":0,"74":0,"75":0,"76":0,"77":0,"78":0,"79":0,"80":0,"81":0,"82":0,"83":0,"84":0,"85":0,"86":0,"87":0,"88":0,"89":0,"90":0,"91":0,"92":0,"93":1,"94":0,"95":0,"96":0,"97":0,"98":0,"99":0,"100":0,"101":0,"102":0,"103":0,"104":0,"105":0,"106":0,"107":0,"108":0,"109":0,"110":0,"111":0,"112":0,"113":0,"114":0,"115":0,"116":0,"117":0,"118":0,"119":0,"120":1,"121":0,"122":0,"123":0,"124":0,"125":0,"126":1,"127":1,"128":0,"129":0,"130":0,"131":0,"132":0,"133":0,"134":0,"135":0,"136":0,"137":0,"138":0,"139":0,"140":0,"141":0,"142":0,"143":0,"144":0,"145":0,"146":0,"147":0,"148":0,"149":0,"150":0,"151":0,"152":0,"153":0,"154":0,"155":0,"156":0,"157":0,"158":0,"159":0,"160":0,"161":0,"162":0,"163":0,"164":0,"165":0,"166":0,"167":0,"168":0,"169":0,"170":0,"171":0,"172":0,"173":0,"174":0,"175":0,"176":0,"177":0,"178":0,"179":0,"180":0,"181":0,"182":1,"183":0,"184":0,"185":0,"186":0,"187":0,"188":0,"189":0,"190":0,"191":0,"192":0,"193":0,"194":0,"195":0,"196":0,"197":0,"198":0,"199":0,"200":1,"201":1,"202":0,"203":0,"204":0,"205":0,"206":0,"207":0,"208":0,"209":0,"210":0,"211":0,"212":0,"213":0,"214":0,"215":0,"216":0},"b":{"1":[0,0],"2":[0,0],"3":[0,0],"4":[0,0],"5":[0,0],"6":[0,0],"7":[0,0],"8":[0,0],"9":[0,0],"10":[0,0],"11":[0,0],"12":[0,0],"13":[0,0],"14":[0,0],"15":[0,0],"16":[0,0,0,0],"17":[0,0],"18":[0,0],"19":[0,0],"20":[0,0],"21":[0,0],"22":[0,0],"23":[0,0],"24":[0,0],"25":[0,0],"26":[0,0],"27":[0,0],"28":[0,0],"29":[0,0],"30":[0,0],"31":[0,0],"32":[0,0],"33":[0,0],"34":[0,0],"35":[0,0],"36":[0,0],"37":[0,0],"38":[0,0],"39":[0,0],"40":[0,0],"41":[0,0],"42":[0,0],"43":[0,0],"44":[0,0],"45":[0,0],"46":[0,0],"47":[0,0],"48":[0,0],"49":[0,0],"50":[0,0],"51":[0,0],"52":[0,0],"53":[0,0],"54":[0,0],"55":[0,0],"56":[0,0],"57":[0,0],"58":[0,0],"59":[0,0],"60":[0,0],"61":[0,0],"62":[0,0],"63":[0,0],"64":[0,0],"65":[0,0],"66":[0,0],"67":[0,0],"68":[0,0],"69":[0,0],"70":[0,0]},"f":{"1":0,"2":0,"3":0,"4":0,"5":0,"6":0,"7":0,"8":0,"9":0,"10":0,"11":0,"12":0,"13":0,"14":0,"15":0,"16":0,"17":0,"18":0,"19":0,"20":0,"21":0,"22":0,"23":0,"24":0,"25":0,"26":0,"27":0,"28":0,"29":0,"30":0,"31":0,"32":0,"33":0,"34":0,"35":0,"36":0},"fnMap":{"1":{"name":"(anonymous_1)","line":10,"loc":{"start":{"line":10,"column":36},"end":{"line":10,"column":68}}},"2":{"name":"(anonymous_2)","line":45,"loc":{"start":{"line":45,"column":29},"end":{"line":45,"column":55}}},"3":{"name":"(anonymous_3)","line":48,"loc":{"start":{"line":48,"column":26},"end":{"line":48,"column":52}}},"4":{"name":"(anonymous_4)","line":51,"loc":{"start":{"line":51,"column":27},"end":{"line":51,"column":53}}},"5":{"name":"(anonymous_5)","line":54,"loc":{"start":{"line":54,"column":25},"end":{"line":54,"column":51}}},"6":{"name":"(anonymous_6)","line":67,"loc":{"start":{"line":67,"column":40},"end":{"line":67,"column":67}}},"7":{"name":"(anonymous_7)","line":91,"loc":{"start":{"line":91,"column":43},"end":{"line":91,"column":55}}},"8":{"name":"(anonymous_8)","line":103,"loc":{"start":{"line":103,"column":43},"end":{"line":103,"column":55}}},"9":{"name":"(anonymous_9)","line":132,"loc":{"start":{"line":132,"column":32},"end":{"line":132,"column":48}}},"10":{"name":"(anonymous_10)","line":136,"loc":{"start":{"line":136,"column":14},"end":{"line":136,"column":29}}},"11":{"name":"(anonymous_11)","line":147,"loc":{"start":{"line":147,"column":20},"end":{"line":147,"column":35}}},"12":{"name":"(anonymous_12)","line":160,"loc":{"start":{"line":160,"column":33},"end":{"line":160,"column":59}}},"13":{"name":"(anonymous_13)","line":171,"loc":{"start":{"line":171,"column":17},"end":{"line":171,"column":35}}},"14":{"name":"(anonymous_14)","line":172,"loc":{"start":{"line":172,"column":15},"end":{"line":172,"column":35}}},"15":{"name":"(anonymous_15)","line":181,"loc":{"start":{"line":181,"column":31},"end":{"line":181,"column":54}}},"16":{"name":"(anonymous_16)","line":191,"loc":{"start":{"line":191,"column":14},"end":{"line":191,"column":34}}},"17":{"name":"(anonymous_17)","line":194,"loc":{"start":{"line":194,"column":18},"end":{"line":194,"column":41}}},"18":{"name":"(anonymous_18)","line":207,"loc":{"start":{"line":207,"column":31},"end":{"line":207,"column":80}}},"19":{"name":"(anonymous_19)","line":248,"loc":{"start":{"line":248,"column":35},"end":{"line":248,"column":63}}},"20":{"name":"(anonymous_20)","line":266,"loc":{"start":{"line":266,"column":66},"end":{"line":266,"column":90}}},"21":{"name":"(anonymous_21)","line":278,"loc":{"start":{"line":278,"column":15},"end":{"line":278,"column":30}}},"22":{"name":"(anonymous_22)","line":289,"loc":{"start":{"line":289,"column":21},"end":{"line":289,"column":43}}},"23":{"name":"(anonymous_23)","line":295,"loc":{"start":{"line":295,"column":34},"end":{"line":295,"column":56}}},"24":{"name":"(anonymous_24)","line":300,"loc":{"start":{"line":300,"column":23},"end":{"line":300,"column":45}}},"25":{"name":"(anonymous_25)","line":310,"loc":{"start":{"line":310,"column":39},"end":{"line":310,"column":54}}},"26":{"name":"(anonymous_26)","line":319,"loc":{"start":{"line":319,"column":21},"end":{"line":319,"column":43}}},"27":{"name":"(anonymous_27)","line":325,"loc":{"start":{"line":325,"column":34},"end":{"line":325,"column":56}}},"28":{"name":"(anonymous_28)","line":330,"loc":{"start":{"line":330,"column":23},"end":{"line":330,"column":45}}},"29":{"name":"(anonymous_29)","line":351,"loc":{"start":{"line":351,"column":33},"end":{"line":351,"column":60}}},"30":{"name":"(anonymous_30)","line":352,"loc":{"start":{"line":352,"column":17},"end":{"line":352,"column":36}}},"31":{"name":"(anonymous_31)","line":381,"loc":{"start":{"line":381,"column":33},"end":{"line":381,"column":63}}},"32":{"name":"(anonymous_32)","line":384,"loc":{"start":{"line":384,"column":43},"end":{"line":384,"column":60}}},"33":{"name":"(anonymous_33)","line":386,"loc":{"start":{"line":386,"column":35},"end":{"line":386,"column":52}}},"34":{"name":"(anonymous_34)","line":390,"loc":{"start":{"line":390,"column":19},"end":{"line":390,"column":36}}},"35":{"name":"(anonymous_35)","line":391,"loc":{"start":{"line":391,"column":15},"end":{"line":391,"column":37}}},"36":{"name":"(anonymous_36)","line":398,"loc":{"start":{"line":398,"column":17},"end":{"line":398,"column":29}}}},"statementMap":{"1":{"start":{"line":1,"column":0},"end":{"line":1,"column":205}},"2":{"start":{"line":10,"column":0},"end":{"line":36,"column":2}},"3":{"start":{"line":11,"column":2},"end":{"line":12,"column":41}},"4":{"start":{"line":12,"column":4},"end":{"line":12,"column":41}},"5":{"start":{"line":13,"column":2},"end":{"line":21,"column":6}},"6":{"start":{"line":22,"column":2},"end":{"line":26,"column":3}},"7":{"start":{"line":23,"column":4},"end":{"line":23,"column":31}},"8":{"start":{"line":25,"column":4},"end":{"line":25,"column":76}},"9":{"start":{"line":27,"column":2},"end":{"line":31,"column":3}},"10":{"start":{"line":28,"column":4},"end":{"line":28,"column":18}},"11":{"start":{"line":29,"column":4},"end":{"line":29,"column":26}},"12":{"start":{"line":30,"column":4},"end":{"line":30,"column":19}},"13":{"start":{"line":32,"column":2},"end":{"line":32,"column":45}},"14":{"start":{"line":33,"column":2},"end":{"line":34,"column":63}},"15":{"start":{"line":34,"column":4},"end":{"line":34,"column":63}},"16":{"start":{"line":35,"column":2},"end":{"line":35,"column":14}},"17":{"start":{"line":45,"column":0},"end":{"line":47,"column":2}},"18":{"start":{"line":46,"column":2},"end":{"line":46,"column":64}},"19":{"start":{"line":48,"column":0},"end":{"line":50,"column":2}},"20":{"start":{"line":49,"column":2},"end":{"line":49,"column":61}},"21":{"start":{"line":51,"column":0},"end":{"line":53,"column":2}},"22":{"start":{"line":52,"column":2},"end":{"line":52,"column":62}},"23":{"start":{"line":54,"column":0},"end":{"line":56,"column":2}},"24":{"start":{"line":55,"column":2},"end":{"line":55,"column":60}},"25":{"start":{"line":67,"column":0},"end":{"line":87,"column":2}},"26":{"start":{"line":68,"column":2},"end":{"line":86,"column":3}},"27":{"start":{"line":69,"column":4},"end":{"line":69,"column":43}},"28":{"start":{"line":70,"column":4},"end":{"line":85,"column":5}},"29":{"start":{"line":71,"column":6},"end":{"line":77,"column":7}},"30":{"start":{"line":72,"column":8},"end":{"line":75,"column":10}},"31":{"start":{"line":76,"column":8},"end":{"line":76,"column":14}},"32":{"start":{"line":78,"column":11},"end":{"line":85,"column":5}},"33":{"start":{"line":79,"column":6},"end":{"line":79,"column":69}},"34":{"start":{"line":80,"column":6},"end":{"line":83,"column":8}},"35":{"start":{"line":84,"column":6},"end":{"line":84,"column":12}},"36":{"start":{"line":91,"column":0},"end":{"line":93,"column":2}},"37":{"start":{"line":92,"column":2},"end":{"line":92,"column":117}},"38":{"start":{"line":103,"column":0},"end":{"line":124,"column":2}},"39":{"start":{"line":104,"column":2},"end":{"line":104,"column":65}},"40":{"start":{"line":105,"column":2},"end":{"line":108,"column":3}},"41":{"start":{"line":106,"column":4},"end":{"line":106,"column":21}},"42":{"start":{"line":107,"column":4},"end":{"line":107,"column":29}},"43":{"start":{"line":109,"column":2},"end":{"line":112,"column":3}},"44":{"start":{"line":110,"column":4},"end":{"line":110,"column":20}},"45":{"start":{"line":111,"column":4},"end":{"line":111,"column":28}},"46":{"start":{"line":113,"column":2},"end":{"line":116,"column":3}},"47":{"start":{"line":114,"column":4},"end":{"line":114,"column":19}},"48":{"start":{"line":115,"column":4},"end":{"line":115,"column":27}},"49":{"start":{"line":117,"column":2},"end":{"line":118,"column":45}},"50":{"start":{"line":118,"column":4},"end":{"line":118,"column":45}},"51":{"start":{"line":119,"column":2},"end":{"line":123,"column":4}},"52":{"start":{"line":132,"column":0},"end":{"line":152,"column":2}},"53":{"start":{"line":133,"column":2},"end":{"line":134,"column":57}},"54":{"start":{"line":134,"column":4},"end":{"line":134,"column":57}},"55":{"start":{"line":135,"column":2},"end":{"line":135,"column":305}},"56":{"start":{"line":136,"column":2},"end":{"line":145,"column":4}},"57":{"start":{"line":137,"column":4},"end":{"line":137,"column":30}},"58":{"start":{"line":139,"column":4},"end":{"line":142,"column":35}},"59":{"start":{"line":140,"column":6},"end":{"line":140,"column":39}},"60":{"start":{"line":142,"column":6},"end":{"line":142,"column":35}},"61":{"start":{"line":143,"column":4},"end":{"line":143,"column":33}},"62":{"start":{"line":144,"column":4},"end":{"line":144,"column":15}},"63":{"start":{"line":146,"column":2},"end":{"line":150,"column":3}},"64":{"start":{"line":147,"column":4},"end":{"line":149,"column":7}},"65":{"start":{"line":148,"column":6},"end":{"line":148,"column":24}},"66":{"start":{"line":151,"column":2},"end":{"line":151,"column":21}},"67":{"start":{"line":160,"column":0},"end":{"line":201,"column":2}},"68":{"start":{"line":161,"column":2},"end":{"line":162,"column":68}},"69":{"start":{"line":162,"column":4},"end":{"line":162,"column":68}},"70":{"start":{"line":163,"column":2},"end":{"line":163,"column":305}},"71":{"start":{"line":165,"column":2},"end":{"line":166,"column":80}},"72":{"start":{"line":166,"column":4},"end":{"line":166,"column":80}},"73":{"start":{"line":168,"column":2},"end":{"line":168,"column":26}},"74":{"start":{"line":169,"column":2},"end":{"line":200,"column":3}},"75":{"start":{"line":170,"column":4},"end":{"line":170,"column":42}},"76":{"start":{"line":171,"column":4},"end":{"line":187,"column":7}},"77":{"start":{"line":172,"column":6},"end":{"line":186,"column":9}},"78":{"start":{"line":173,"column":8},"end":{"line":178,"column":9}},"79":{"start":{"line":176,"column":10},"end":{"line":176,"column":42}},"80":{"start":{"line":177,"column":10},"end":{"line":177,"column":31}},"81":{"start":{"line":180,"column":8},"end":{"line":180,"column":26}},"82":{"start":{"line":181,"column":8},"end":{"line":185,"column":11}},"83":{"start":{"line":182,"column":10},"end":{"line":183,"column":33}},"84":{"start":{"line":183,"column":12},"end":{"line":183,"column":33}},"85":{"start":{"line":184,"column":10},"end":{"line":184,"column":49}},"86":{"start":{"line":191,"column":4},"end":{"line":199,"column":7}},"87":{"start":{"line":192,"column":6},"end":{"line":193,"column":29}},"88":{"start":{"line":193,"column":8},"end":{"line":193,"column":29}},"89":{"start":{"line":194,"column":6},"end":{"line":198,"column":9}},"90":{"start":{"line":195,"column":8},"end":{"line":196,"column":31}},"91":{"start":{"line":196,"column":10},"end":{"line":196,"column":31}},"92":{"start":{"line":197,"column":8},"end":{"line":197,"column":43}},"93":{"start":{"line":207,"column":0},"end":{"line":239,"column":2}},"94":{"start":{"line":208,"column":2},"end":{"line":209,"column":68}},"95":{"start":{"line":209,"column":4},"end":{"line":209,"column":68}},"96":{"start":{"line":211,"column":2},"end":{"line":225,"column":3}},"97":{"start":{"line":212,"column":4},"end":{"line":212,"column":26}},"98":{"start":{"line":213,"column":4},"end":{"line":213,"column":20}},"99":{"start":{"line":214,"column":4},"end":{"line":214,"column":18}},"100":{"start":{"line":215,"column":4},"end":{"line":215,"column":19}},"101":{"start":{"line":216,"column":9},"end":{"line":225,"column":3}},"102":{"start":{"line":217,"column":4},"end":{"line":217,"column":22}},"103":{"start":{"line":218,"column":4},"end":{"line":218,"column":18}},"104":{"start":{"line":219,"column":4},"end":{"line":219,"column":19}},"105":{"start":{"line":220,"column":9},"end":{"line":225,"column":3}},"106":{"start":{"line":221,"column":4},"end":{"line":221,"column":23}},"107":{"start":{"line":222,"column":4},"end":{"line":222,"column":19}},"108":{"start":{"line":224,"column":4},"end":{"line":224,"column":20}},"109":{"start":{"line":226,"column":2},"end":{"line":226,"column":197}},"110":{"start":{"line":228,"column":2},"end":{"line":229,"column":80}},"111":{"start":{"line":229,"column":4},"end":{"line":229,"column":80}},"112":{"start":{"line":230,"column":2},"end":{"line":230,"column":26}},"113":{"start":{"line":231,"column":2},"end":{"line":231,"column":46}},"114":{"start":{"line":232,"column":2},"end":{"line":232,"column":36}},"115":{"start":{"line":233,"column":2},"end":{"line":233,"column":62}},"116":{"start":{"line":235,"column":2},"end":{"line":235,"column":70}},"117":{"start":{"line":236,"column":2},"end":{"line":237,"column":17}},"118":{"start":{"line":237,"column":4},"end":{"line":237,"column":17}},"119":{"start":{"line":238,"column":2},"end":{"line":238,"column":30}},"120":{"start":{"line":248,"column":0},"end":{"line":255,"column":2}},"121":{"start":{"line":249,"column":2},"end":{"line":252,"column":3}},"122":{"start":{"line":250,"column":4},"end":{"line":250,"column":22}},"123":{"start":{"line":251,"column":4},"end":{"line":251,"column":18}},"124":{"start":{"line":253,"column":2},"end":{"line":253,"column":88}},"125":{"start":{"line":254,"column":2},"end":{"line":254,"column":74}},"126":{"start":{"line":265,"column":0},"end":{"line":265,"column":47}},"127":{"start":{"line":266,"column":0},"end":{"line":342,"column":2}},"128":{"start":{"line":267,"column":2},"end":{"line":267,"column":63}},"129":{"start":{"line":268,"column":2},"end":{"line":271,"column":3}},"130":{"start":{"line":269,"column":4},"end":{"line":269,"column":19}},"131":{"start":{"line":270,"column":4},"end":{"line":270,"column":19}},"132":{"start":{"line":272,"column":2},"end":{"line":276,"column":3}},"133":{"start":{"line":273,"column":4},"end":{"line":273,"column":29}},"134":{"start":{"line":275,"column":4},"end":{"line":275,"column":37}},"135":{"start":{"line":277,"column":2},"end":{"line":281,"column":6}},"136":{"start":{"line":278,"column":4},"end":{"line":281,"column":6}},"137":{"start":{"line":279,"column":6},"end":{"line":280,"column":18}},"138":{"start":{"line":280,"column":8},"end":{"line":280,"column":18}},"139":{"start":{"line":282,"column":2},"end":{"line":282,"column":86}},"140":{"start":{"line":283,"column":2},"end":{"line":341,"column":3}},"141":{"start":{"line":284,"column":4},"end":{"line":338,"column":5}},"142":{"start":{"line":285,"column":6},"end":{"line":307,"column":7}},"143":{"start":{"line":286,"column":8},"end":{"line":306,"column":9}},"144":{"start":{"line":287,"column":10},"end":{"line":287,"column":92}},"145":{"start":{"line":288,"column":10},"end":{"line":288,"column":51}},"146":{"start":{"line":289,"column":10},"end":{"line":293,"column":13}},"147":{"start":{"line":290,"column":12},"end":{"line":291,"column":28}},"148":{"start":{"line":291,"column":14},"end":{"line":291,"column":28}},"149":{"start":{"line":292,"column":12},"end":{"line":292,"column":35}},"150":{"start":{"line":295,"column":10},"end":{"line":305,"column":13}},"151":{"start":{"line":296,"column":12},"end":{"line":297,"column":35}},"152":{"start":{"line":297,"column":14},"end":{"line":297,"column":35}},"153":{"start":{"line":298,"column":12},"end":{"line":298,"column":101}},"154":{"start":{"line":299,"column":12},"end":{"line":299,"column":53}},"155":{"start":{"line":300,"column":12},"end":{"line":304,"column":15}},"156":{"start":{"line":301,"column":14},"end":{"line":302,"column":30}},"157":{"start":{"line":302,"column":16},"end":{"line":302,"column":30}},"158":{"start":{"line":303,"column":14},"end":{"line":303,"column":37}},"159":{"start":{"line":309,"column":6},"end":{"line":337,"column":7}},"160":{"start":{"line":310,"column":8},"end":{"line":314,"column":11}},"161":{"start":{"line":311,"column":10},"end":{"line":312,"column":33}},"162":{"start":{"line":312,"column":12},"end":{"line":312,"column":33}},"163":{"start":{"line":313,"column":10},"end":{"line":313,"column":32}},"164":{"start":{"line":315,"column":13},"end":{"line":337,"column":7}},"165":{"start":{"line":316,"column":8},"end":{"line":336,"column":9}},"166":{"start":{"line":317,"column":10},"end":{"line":317,"column":83}},"167":{"start":{"line":318,"column":10},"end":{"line":318,"column":42}},"168":{"start":{"line":319,"column":10},"end":{"line":323,"column":13}},"169":{"start":{"line":320,"column":12},"end":{"line":321,"column":28}},"170":{"start":{"line":321,"column":14},"end":{"line":321,"column":28}},"171":{"start":{"line":322,"column":12},"end":{"line":322,"column":35}},"172":{"start":{"line":325,"column":10},"end":{"line":335,"column":13}},"173":{"start":{"line":326,"column":12},"end":{"line":327,"column":35}},"174":{"start":{"line":327,"column":14},"end":{"line":327,"column":35}},"175":{"start":{"line":328,"column":12},"end":{"line":328,"column":92}},"176":{"start":{"line":329,"column":12},"end":{"line":329,"column":44}},"177":{"start":{"line":330,"column":12},"end":{"line":334,"column":15}},"178":{"start":{"line":331,"column":14},"end":{"line":332,"column":30}},"179":{"start":{"line":332,"column":16},"end":{"line":332,"column":30}},"180":{"start":{"line":333,"column":14},"end":{"line":333,"column":37}},"181":{"start":{"line":340,"column":4},"end":{"line":340,"column":27}},"182":{"start":{"line":351,"column":0},"end":{"line":372,"column":2}},"183":{"start":{"line":352,"column":2},"end":{"line":357,"column":4}},"184":{"start":{"line":353,"column":4},"end":{"line":356,"column":31}},"185":{"start":{"line":354,"column":6},"end":{"line":354,"column":42}},"186":{"start":{"line":356,"column":6},"end":{"line":356,"column":31}},"187":{"start":{"line":358,"column":2},"end":{"line":359,"column":57}},"188":{"start":{"line":359,"column":4},"end":{"line":359,"column":57}},"189":{"start":{"line":360,"column":2},"end":{"line":360,"column":45}},"190":{"start":{"line":361,"column":2},"end":{"line":362,"column":40}},"191":{"start":{"line":362,"column":4},"end":{"line":362,"column":40}},"192":{"start":{"line":363,"column":2},"end":{"line":363,"column":88}},"193":{"start":{"line":364,"column":2},"end":{"line":367,"column":45}},"194":{"start":{"line":365,"column":4},"end":{"line":365,"column":49}},"195":{"start":{"line":367,"column":4},"end":{"line":367,"column":45}},"196":{"start":{"line":368,"column":2},"end":{"line":368,"column":43}},"197":{"start":{"line":369,"column":2},"end":{"line":370,"column":17}},"198":{"start":{"line":370,"column":4},"end":{"line":370,"column":17}},"199":{"start":{"line":371,"column":2},"end":{"line":371,"column":30}},"200":{"start":{"line":380,"column":0},"end":{"line":380,"column":47}},"201":{"start":{"line":381,"column":0},"end":{"line":405,"column":2}},"202":{"start":{"line":382,"column":2},"end":{"line":383,"column":70}},"203":{"start":{"line":383,"column":4},"end":{"line":383,"column":70}},"204":{"start":{"line":384,"column":2},"end":{"line":388,"column":7}},"205":{"start":{"line":385,"column":6},"end":{"line":385,"column":32}},"206":{"start":{"line":387,"column":6},"end":{"line":387,"column":23}},"207":{"start":{"line":389,"column":2},"end":{"line":389,"column":30}},"208":{"start":{"line":390,"column":2},"end":{"line":404,"column":5}},"209":{"start":{"line":391,"column":4},"end":{"line":403,"column":7}},"210":{"start":{"line":392,"column":6},"end":{"line":397,"column":7}},"211":{"start":{"line":395,"column":8},"end":{"line":395,"column":40}},"212":{"start":{"line":396,"column":8},"end":{"line":396,"column":29}},"213":{"start":{"line":398,"column":6},"end":{"line":402,"column":10}},"214":{"start":{"line":399,"column":8},"end":{"line":399,"column":42}},"215":{"start":{"line":400,"column":8},"end":{"line":400,"column":29}},"216":{"start":{"line":401,"column":8},"end":{"line":401,"column":33}}},"branchMap":{"1":{"line":11,"type":"if","locations":[{"start":{"line":11,"column":2},"end":{"line":11,"column":2}},{"start":{"line":11,"column":2},"end":{"line":11,"column":2}}]},"2":{"line":13,"type":"binary-expr","locations":[{"start":{"line":13,"column":14},"end":{"line":13,"column":32}},{"start":{"line":13,"column":36},"end":{"line":13,"column":52}}]},"3":{"line":13,"type":"cond-expr","locations":[{"start":{"line":13,"column":79},"end":{"line":17,"column":8}},{"start":{"line":17,"column":11},"end":{"line":21,"column":5}}]},"4":{"line":22,"type":"if","locations":[{"start":{"line":22,"column":2},"end":{"line":22,"column":2}},{"start":{"line":22,"column":2},"end":{"line":22,"column":2}}]},"5":{"line":22,"type":"binary-expr","locations":[{"start":{"line":22,"column":6},"end":{"line":22,"column":13}},{"start":{"line":22,"column":17},"end":{"line":22,"column":32}}]},"6":{"line":25,"type":"cond-expr","locations":[{"start":{"line":25,"column":23},"end":{"line":25,"column":53}},{"start":{"line":25,"column":56},"end":{"line":25,"column":75}}]},"7":{"line":27,"type":"if","locations":[{"start":{"line":27,"column":2},"end":{"line":27,"column":2}},{"start":{"line":27,"column":2},"end":{"line":27,"column":2}}]},"8":{"line":33,"type":"if","locations":[{"start":{"line":33,"column":2},"end":{"line":33,"column":2}},{"start":{"line":33,"column":2},"end":{"line":33,"column":2}}]},"9":{"line":33,"type":"binary-expr","locations":[{"start":{"line":33,"column":6},"end":{"line":33,"column":13}},{"start":{"line":33,"column":17},"end":{"line":33,"column":34}}]},"10":{"line":70,"type":"if","locations":[{"start":{"line":70,"column":4},"end":{"line":70,"column":4}},{"start":{"line":70,"column":4},"end":{"line":70,"column":4}}]},"11":{"line":71,"type":"if","locations":[{"start":{"line":71,"column":6},"end":{"line":71,"column":6}},{"start":{"line":71,"column":6},"end":{"line":71,"column":6}}]},"12":{"line":71,"type":"binary-expr","locations":[{"start":{"line":71,"column":10},"end":{"line":71,"column":23}},{"start":{"line":71,"column":27},"end":{"line":71,"column":54}}]},"13":{"line":78,"type":"if","locations":[{"start":{"line":78,"column":11},"end":{"line":78,"column":11}},{"start":{"line":78,"column":11},"end":{"line":78,"column":11}}]},"14":{"line":78,"type":"binary-expr","locations":[{"start":{"line":78,"column":15},"end":{"line":78,"column":46}},{"start":{"line":78,"column":50},"end":{"line":78,"column":77}}]},"15":{"line":79,"type":"cond-expr","locations":[{"start":{"line":79,"column":47},"end":{"line":79,"column":54}},{"start":{"line":79,"column":57},"end":{"line":79,"column":68}}]},"16":{"line":92,"type":"binary-expr","locations":[{"start":{"line":92,"column":9},"end":{"line":92,"column":21}},{"start":{"line":92,"column":26},"end":{"line":92,"column":54}},{"start":{"line":92,"column":58},"end":{"line":92,"column":84}},{"start":{"line":92,"column":88},"end":{"line":92,"column":115}}]},"17":{"line":105,"type":"if","locations":[{"start":{"line":105,"column":2},"end":{"line":105,"column":2}},{"start":{"line":105,"column":2},"end":{"line":105,"column":2}}]},"18":{"line":109,"type":"if","locations":[{"start":{"line":109,"column":2},"end":{"line":109,"column":2}},{"start":{"line":109,"column":2},"end":{"line":109,"column":2}}]},"19":{"line":113,"type":"if","locations":[{"start":{"line":113,"column":2},"end":{"line":113,"column":2}},{"start":{"line":113,"column":2},"end":{"line":113,"column":2}}]},"20":{"line":117,"type":"if","locations":[{"start":{"line":117,"column":2},"end":{"line":117,"column":2}},{"start":{"line":117,"column":2},"end":{"line":117,"column":2}}]},"21":{"line":133,"type":"if","locations":[{"start":{"line":133,"column":2},"end":{"line":133,"column":2}},{"start":{"line":133,"column":2},"end":{"line":133,"column":2}}]},"22":{"line":135,"type":"binary-expr","locations":[{"start":{"line":135,"column":59},"end":{"line":135,"column":87}},{"start":{"line":135,"column":91},"end":{"line":135,"column":117}}]},"23":{"line":139,"type":"if","locations":[{"start":{"line":139,"column":4},"end":{"line":139,"column":4}},{"start":{"line":139,"column":4},"end":{"line":139,"column":4}}]},"24":{"line":146,"type":"if","locations":[{"start":{"line":146,"column":2},"end":{"line":146,"column":2}},{"start":{"line":146,"column":2},"end":{"line":146,"column":2}}]},"25":{"line":161,"type":"if","locations":[{"start":{"line":161,"column":2},"end":{"line":161,"column":2}},{"start":{"line":161,"column":2},"end":{"line":161,"column":2}}]},"26":{"line":163,"type":"binary-expr","locations":[{"start":{"line":163,"column":59},"end":{"line":163,"column":87}},{"start":{"line":163,"column":91},"end":{"line":163,"column":117}}]},"27":{"line":165,"type":"if","locations":[{"start":{"line":165,"column":2},"end":{"line":165,"column":2}},{"start":{"line":165,"column":2},"end":{"line":165,"column":2}}]},"28":{"line":169,"type":"if","locations":[{"start":{"line":169,"column":2},"end":{"line":169,"column":2}},{"start":{"line":169,"column":2},"end":{"line":169,"column":2}}]},"29":{"line":173,"type":"if","locations":[{"start":{"line":173,"column":8},"end":{"line":173,"column":8}},{"start":{"line":173,"column":8},"end":{"line":173,"column":8}}]},"30":{"line":181,"type":"binary-expr","locations":[{"start":{"line":181,"column":8},"end":{"line":181,"column":15}},{"start":{"line":181,"column":19},"end":{"line":185,"column":10}}]},"31":{"line":182,"type":"if","locations":[{"start":{"line":182,"column":10},"end":{"line":182,"column":10}},{"start":{"line":182,"column":10},"end":{"line":182,"column":10}}]},"32":{"line":192,"type":"if","locations":[{"start":{"line":192,"column":6},"end":{"line":192,"column":6}},{"start":{"line":192,"column":6},"end":{"line":192,"column":6}}]},"33":{"line":195,"type":"if","locations":[{"start":{"line":195,"column":8},"end":{"line":195,"column":8}},{"start":{"line":195,"column":8},"end":{"line":195,"column":8}}]},"34":{"line":208,"type":"if","locations":[{"start":{"line":208,"column":2},"end":{"line":208,"column":2}},{"start":{"line":208,"column":2},"end":{"line":208,"column":2}}]},"35":{"line":211,"type":"if","locations":[{"start":{"line":211,"column":2},"end":{"line":211,"column":2}},{"start":{"line":211,"column":2},"end":{"line":211,"column":2}}]},"36":{"line":216,"type":"if","locations":[{"start":{"line":216,"column":9},"end":{"line":216,"column":9}},{"start":{"line":216,"column":9},"end":{"line":216,"column":9}}]},"37":{"line":220,"type":"if","locations":[{"start":{"line":220,"column":9},"end":{"line":220,"column":9}},{"start":{"line":220,"column":9},"end":{"line":220,"column":9}}]},"38":{"line":226,"type":"binary-expr","locations":[{"start":{"line":226,"column":55},"end":{"line":226,"column":83}},{"start":{"line":226,"column":87},"end":{"line":226,"column":113}}]},"39":{"line":228,"type":"if","locations":[{"start":{"line":228,"column":2},"end":{"line":228,"column":2}},{"start":{"line":228,"column":2},"end":{"line":228,"column":2}}]},"40":{"line":236,"type":"if","locations":[{"start":{"line":236,"column":2},"end":{"line":236,"column":2}},{"start":{"line":236,"column":2},"end":{"line":236,"column":2}}]},"41":{"line":249,"type":"if","locations":[{"start":{"line":249,"column":2},"end":{"line":249,"column":2}},{"start":{"line":249,"column":2},"end":{"line":249,"column":2}}]},"42":{"line":268,"type":"if","locations":[{"start":{"line":268,"column":2},"end":{"line":268,"column":2}},{"start":{"line":268,"column":2},"end":{"line":268,"column":2}}]},"43":{"line":272,"type":"if","locations":[{"start":{"line":272,"column":2},"end":{"line":272,"column":2}},{"start":{"line":272,"column":2},"end":{"line":272,"column":2}}]},"44":{"line":272,"type":"binary-expr","locations":[{"start":{"line":272,"column":6},"end":{"line":272,"column":18}},{"start":{"line":272,"column":22},"end":{"line":272,"column":56}}]},"45":{"line":277,"type":"i
[...]
,"column":10},"end":{"line":217,"column":50}},"122":{"start":{"line":218,"column":10},"end":{"line":221,"column":13}},"123":{"start":{"line":219,"column":12},"end":{"line":219,"column":49}},"124":{"start":{"line":220,"column":12},"end":{"line":220,"column":35}}},"branchMap":{"1":{"line":39,"type":"binary-expr","locations":[{"start":{"line":39,"column":6},"end":{"line":39,"column":13}},{"start":{"line":39,"column":17},"end":{"line":39,"column":23}}]},"2":{"line":66,"type":"binary-expr","locations":[{"start":{"line":66,"column":8},"end":{"line":66,"column":15}},{"start":{"line":66,"column":19},"end":{"line":66,"column":25}}]},"3":{"line":105,"type":"binary-expr","locations":[{"start":{"line":105,"column":8},"end":{"line":105,"column":15}},{"start":{"line":105,"column":19},"end":{"line":105,"column":25}}]},"4":{"line":142,"type":"binary-expr","locations":[{"start":{"line":142,"column":10},"end":{"line":142,"column":17}},{"start":{"line":142,"column":21},"end":{"line":142,"column":29}}]},"5":{"line":212,"type":"binary-expr","locations":[{"start":{"line":212,"column":16},"end":{"line":212,"column":23}},{"start":{"line":212,"column":27},"end":{"line":212,"column":33}}]},"6":{"line":220,"type":"binary-expr","locations":[{"start":{"line":220,"column":12},"end":{"line":220,"column":19}},{"start":{"line":220,"column":23},"end":{"line":220,"column":34}}]}},"code":["require('./spec_helper');","","var mongoose = require('mongoose'),","    should   = require('should'),","    User     = require('./support/userModel'),","    Tweet    = require('./support/tweetModel'),","    Tag      = require('./support/tagModel');","","describe('hasMany', function() {","  it('has hasMany on the path', function() {","    User.schema.paths.tweets.options.hasMany.should.equal('Tweet');","  });","","  it('instantiates one child document', function() {","    var user  = new User({}),","        tweet = { title: 'Easy relationships with mongoose-relationships' };","","    var built = user.tweets.build(tweet);","","    built.should.be.an.instanceof(Tweet);","    built.author.should.eql(user._id);","    built.title.should.equal('Easy relationships with mongoose-relationships')","","    user.tweets.should.have.length(1);","  });","","  it('instantiates many children documents', function(done) {","    var user   = new User(),","        tweets = [{}, {}];","","    var built = user.tweets.build(tweets);","","    user.tweets.should.have.length(2);","","    var count = built.length;","    built.forEach(function(tweet){","      tweet.should.be.an.instanceof(Tweet);","      tweet.author.should.eql(user._id);","      --count || done();","    });","  });","","  it('appendes an instantiated child document', function(done) {","    var user  = new User(),","        tweet = new Tweet();","","    user.tweets.append(tweet, function(err, tweet) {","      should.strictEqual(err, null);","      tweet.author.should.eql(user._id);","      user.tweets.should.containEql(tweet._id);","      done();","    });","  });","","  it('concates many instantiated child documents', function(done) {","    var user   = new User(),","        tweets = [ new Tweet(), new Tweet() ];","","    user.tweets.concat(tweets, function(err, tweets) {","      should.strictEqual(err, null);","","      var count = tweets.length;","      tweets.forEach(function(tweet){","        tweet.author.should.eql(user._id);","        user.tweets.should.containEql(tweet._id);","        --count || done();","      });","    });","  });","","  it('creates one child document', function(done) {","    var user  = new User(),","        tweet = { title: 'Easy relationships with mongoose-relationships' };","","    user.tweets.create(tweet, function(err, user, tweet) {","      should.strictEqual(err, null);","","      user.should.be.an.instanceof(User);","      user.tweets.should.have.length(1);","      user.tweets[0].should.equal(tweet._id);","","      tweet.should.be.an.instanceof(Tweet);","      tweet.title.should.equal('Easy relationships with mongoose-relationships')","      tweet.author.should.equal(user._id);","      done();","    });","  });","","  it('creates many children documents', function(done) {","    var user = new User(),","        tweets = [ { title: 'Blog tweet #1' },","                   { title: 'Blog tweet #2' } ];","","    user.tweets.create(tweets, function(err, user, tweets) {","      should.strictEqual(err, null);","","      user.tweets.should.have.length(2);","      tweets.should.have.length(2);","","      var count = tweets.length;","      tweets.forEach(function(tweet) {","        user.tweets.should.containEql(tweet._id)","        tweet.should.be.an.instanceof(Tweet);","        tweet.author.should.equal(user._id);","        --count || done()","      });","    });","  });","","  it('finds children documents', function(done) {","    var user   = new User(),","        tweets = [ { title: 'Blog tweet #1' },","                   { title: 'Blog tweet #2' } ]","","    user.tweets.create(tweets, function(err, user, tweets) {","      var find = user.tweets.find({}, function(err, newTweets) {","        should.strictEqual(err, null);","","        find.should.be.an.instanceof(mongoose.Query);","        find._conditions.should.have.property('_id');","        find._conditions.should.have.property('author');","        find._conditions._id['$in'].should.be.an.instanceof(Array);","","        var search = function() {","          find.find({ title: 'Blog tweet #1' }, function(err, otherTweets) {","            find._conditions.title.should.equal('Blog tweet #1');","            find._conditions.should.have.property('_id');","","            otherTweets.should.have.length(1);","            otherTweets[0].title.should.equal('Blog tweet #1');","            done();","          });","        };","","        newTweets.should.have.length(2);","","        var count = newTweets.length;","        newTweets.forEach(function(tweet) {","          user.tweets.should.containEql(tweet._id)","          tweet.should.be.an.instanceof(Tweet);","          tweet.author.should.eql(user._id);","          --count || search();","        });","      });","    });","  });","","  it('deletes dependents', function(done) {","    var user   = new User(),","        tweets = [ { title: 'Blog tweet #1' },","                   { title: 'Blog tweet #2' } ];","","    user.tweets.create(tweets, function(err, user, tweets){","      var tweet = tweets[0];","      user.tweets.remove(tweet._id, function(err, user){","        should.strictEqual(err, null);","","        user.tweets.should.not.containEql(tweet._id);","        user.tweets.should.have.length(1);","","        // Tweet, be gone!","        Tweet.findById(tweet._id, function(err, found){","          should.strictEqual(err, null);","          should.not.exist(found);","          done();","        });","      });","    });","  });","","  it('nullifies dependents', function(done){","    var user = new User(),","        tags = [ { name: 'awesome' },","                 { name: 'omgbbq' } ];","","    user.tags.create(tags, function(err, user, tags){","      var tag = tags[0];","      user.tags.remove(tag._id, function(err, user){","        should.strictEqual(err, null);","","        user.tags.should.not.containEql(tag._id);","        user.tags.should.have.length(1);","","        // Tweet, be nullified!","        Tag.findById(tag._id, function(err, tag){","          should.strictEqual(err, null);","          should.not.exist(tag.user);","          done();","        });","      });","    });","  });","","  it('test population of path', function(done){","    var user   = new User(),","        tweets = [ { title: 'Blog tweet #1' },","                   { title: 'Blog tweet #2' } ];","","    user.tweets.create(tweets, function(err, user, tweets){","      user.save(function(err, user){","        User.findById(user._id).populate('tweets').exec(function(err, populatedUser){","          should.strictEqual(err, null);","","          var testSugar = function(){","            // Syntactic sugar","            user.tweets.populate(function(err, user){","              should.strictEqual(err, null);","","              var count = user.tweets.length;","              user.tweets.forEach(function(tweet){","                tweet.should.be.an.instanceof(Tweet);","                --count || done();","              });","            });","          };","","          var count = populatedUser.tweets.length;","          populatedUser.tweets.forEach(function(tweet){","            tweet.should.be.an.instanceof(Tweet);","            --count || testSugar();","          });","        });","      });","    });","  });","});",""],"l":{"1":2,"3":0,"9":0,"10":0,"11":0,"14":0,"15":0,"18":0,"20":0,"21":0,"22":0,"24":0,"27":0,"28":0,"31":0,"33":0,"35":0,"36":0,"37":0,"38":0,"39":0,"43":0,"44":0,"47":0,"48":0,"49":0,"50":0,"51":0,"55":0,"56":0,"59":0,"60":0,"62":0,"63":0,"64":0,"65":0,"66":0,"71":0,"72":0,"75":0,"76":0,"78":0,"79":0,"80":0,"82":0,"83":0,"84":0,"85":0,"89":0,"90":0,"94":0,"95":0,"97":0,"98":0,"100":0,"101":0,"102":0,"103":0,"104":0,"105":0,"110":0,"111":0,"115":0,"116":0,"117":0,"119":0,"120":0,"121":0,"122":0,"124":0,"125":0,"126":0,"127":0,"129":0,"130":0,"131":0,"135":0,"137":0,"138":0,"139":0,"140":0,"141":0,"142":0,"148":0,"149":0,"153":0,"154":0,"155":0,"156":0,"158":0,"159":0,"162":0,"163":0,"164":0,"165":0,"171":0,"172":0,"176":0,"177":0,"178":0,"179":0,"181":0,"182":0,"185":0,"186":0,"187":0,"188":0,"194":0,"195":0,"199":0,"200":0,"201":0,"202":0,"204":0,"206":0,"207":0,"209":0,"210":0,"211":0,"212":0,"217":0,"218":0,"219":0,"220":0}},"/home/travis/build/npmtest/node-npmtest-mongo-relation/node_modules/mongo-relation/specs/hasOne.spec.js":{"path":"/home/travis/build/npmtest/node-npmtest-mongo-relation/node_modules/mongo-relation/specs/hasOne.spec.js","s":{"1":2,"2":0,"3":0,"4":0,"5":0,"6":0,"7":0,"8":0,"9":0,"10":0,"11":0,"12":0,"13":0,"14":0,"15":0,"16":0,"17":0,"18":0,"19":0,"20":0,"21":0,"22":0,"23":0,"24":0,"25":0,"26":0,"27":0,"28":0,"29":0,"30":0,"31":0,"32":0,"33":0,"34":0,"35":0},"b":{},"f":{"1":0,"2":0,"3":0,"4":0,"5":0,"6":0,"7":0,"8":0,"9":0,"10":0},"fnMap":{"1":{"name":"(anonymous_1)","line":10,"loc":{"start":{"line":10,"column":19},"end":{"line":10,"column":30}}},"2":{"name":"(anonymous_2)","line":11,"loc":{"start":{"line":11,"column":52},"end":{"line":11,"column":63}}},"3":{"name":"(anonymous_3)","line":15,"loc":{"start":{"line":15,"column":52},"end":{"line":15,"column":63}}},"4":{"name":"(anonymous_4)","line":19,"loc":{"start":{"line":19,"column":50},"end":{"line":19,"column":61}}},"5":{"name":"(anonymous_5)","line":23,"loc":{"start":{"line":23,"column":54},"end":{"line":23,"column":65}}},"6":{"name":"(anonymous_6)","line":28,"loc":{"start":{"line":28,"column":38},"end":{"line":28,"column":52}}},"7":{"name":"(anonymous_7)","line":32,"loc":{"start":{"line":32,"column":27},"end":{"line":32,"column":52}}},"8":{"name":"(anonymous_8)","line":46,"loc":{"start":{"line":46,"column":38},"end":{"line":46,"column":52}}},"9":{"name":"(anonymous_9)","line":50,"loc":{"start":{"line":50,"column":27},"end":{"line":50,"column":52}}},"10":{"name":"(anonymous_10)","line":51,"loc":{"start":{"line":51,"column":32},"end":{"line":51,"column":54}}}},"statementMap":{"1":{"start":{"line":1,"column":0},"end":{"line":1,"column":25}},"2":{"start":{"line":3,"column":0},"end":{"line":8,"column":46}},"3":{"start":{"line":10,"column":0},"end":{"line":67,"column":3}},"4":{"start":{"line":11,"column":2},"end":{"line":13,"column":5}},"5":{"start":{"line":12,"column":4},"end":{"line":12,"column":69}},"6":{"start":{"line":15,"column":2},"end":{"line":17,"column":5}},"7":{"start":{"line":16,"column":4},"end":{"line":16,"column":68}},"8":{"start":{"line":19,"column":2},"end":{"line":21,"column":5}},"9":{"start":{"line":20,"column":4},"end":{"line":20,"column":63}},"10":{"start":{"line":23,"column":2},"end":{"line":26,"column":5}},"11":{"start":{"line":24,"column":4},"end":{"line":24,"column":26}},"12":{"start":{"line":25,"column":4},"end":{"line":25,"column":42}},"13":{"start":{"line":28,"column":2},"end":{"line":44,"column":5}},"14":{"start":{"line":29,"column":4},"end":{"line":30,"column":58}},"15":{"start":{"line":32,"column":4},"end":{"line":43,"column":7}},"16":{"start":{"line":33,"column":6},"end":{"line":33,"column":36}},"17":{"start":{"line":35,"column":6},"end":{"line":35,"column":41}},"18":{"start":{"line":36,"column":6},"end":{"line":36,"column":41}},"19":{"start":{"line":38,"column":6},"end":{"line":38,"column":37}},"20":{"start":{"line":39,"column":6},"end":{"line":39,"column":41}},"21":{"start":{"line":41,"column":6},"end":{"line":41,"column":63}},"22":{"start":{"line":42,"column":6},"end":{"line":42,"column":13}},"23":{"start":{"line":46,"column":2},"end":{"line":66,"column":5}},"24":{"start":{"line":47,"column":4},"end":{"line":48,"column":57}},"25":{"start":{"line":50,"column":4},"end":{"line":65,"column":7}},"26":{"start":{"line":51,"column":6},"end":{"line":64,"column":9}},"27":{"start":{"line":52,"column":8},"end":{"line":52,"column":38}},"28":{"start":{"line":54,"column":8},"end":{"line":54,"column":53}},"29":{"start":{"line":55,"column":8},"end":{"line":55,"column":53}},"30":{"start":{"line":56,"column":8},"end":{"line":56,"column":56}},"31":{"start":{"line":57,"column":8},"end":{"line":57,"column":40}},"32":{"start":{"line":59,"column":8},"end":{"line":59,"column":44}},"33":{"start":{"line":61,"column":8},"end":{"line":61,"column":46}},"34":{"start":{"line":62,"column":8},"end":{"line":62,"column":44}},"35":{"start":{"line":63,"column":8},"end":{"line":63,"column":15}}},"branchMap":{},"code":["require('./spec_helper');","","var mongoose = require('mongoose'),","    should   = require('should'),","    User     = require('./support/userModel'),","    Tweet    = require('./support/tweetModel'),","    Tag      = require('./support/tagModel'),","    Post     = require('./support/postModel');","","describe('hasOne', function() {","  it('adds the belongsTo path to the child schema', function() {","    Tweet.schema.paths.author.options.belongsTo.should.equal('User');","  });","","  it('adds the belongsTo path to the child schema', function() {","    Post.schema.paths.editor.options.belongsTo.should.equal('User');","  });","","  it('adds the hasOne path to the parent schema', function() {","    User.schema.paths.post.options.hasOne.should.equal('Post');","  });","","  it.skip('has a create function on the association', function() {","    var user = new User();","    user.post.create.should.be.a.Function;","  });","","  it.skip('creates a child document', function(done){","    var user = new User(),","        post = { title: 'Deep thinking, by a mongoose.' };","","    user.post.create(post, function(err, user, post){","      should.strictEqual(err, null);","","      user.should.be.an.instanceof(user);","      post.should.be.an.instanceof(post);","","      user.post.should.eql(post._id);","      post.editor.should.equal(user._id);","","      post.title.should.equal('Deep thinking, by a mongoose.');","      done();","    });","  });","","  it.skip('finds the child document', function(done){","    var user = new User(),","        post = { title: 'Deep thinking, by a mongoose.'};","","    user.post.create(post, function(err, user, post){","      var find = user.post.find(function(err, newPost){","        should.strictEqual(err, null);","","        find.should.be.an.instanceof(mongoose.Query);","        find._conditions.should.have.property('_id');","        find._conditions.should.have.property('editor');","        find.op.should.equal('findOne');","","        user.post.should.equal(newPost._id);","","        newPost.should.be.an.instanceof(post);","        newPost.editor.should.eql(user._id);","        done();","      });","    });","  });","});",""],"l":{"1":2,"3":0,"10":0,"11":0,"12":0,"15":0,"16":0,"19":0,"20":0,"23":0,"24":0,"25":0,"28":0,"29":0,"32":0,"33":0,"35":0,"36":0,"38":0,"39":0,"41":0,"42":0,"46":0,"47":0,"50":0,"51":0,"52":0,"54":0,"55":0,"56":0,"57":0,"59":0,"61":0,"62":0,"63":0}},"/home/travis/build/npmtest/node-npmtest-mongo-relation/node_modules/mongo-relation/specs/mongoose_array.spec.js":{"path":"/home/travis/build/npmtest/node-npmtest-mongo-relation/node_modules/mongo-relation/specs/mongoose_array.spec.js","s":{"1":2,"2":0,"3":0,"4":0,"5":0,"6":0,"7":0,"8":0,"9":0,"10":0,"11":0,"12":0,"13":0,"14":0,"15":0,"16":0,"17":0,"18":0,"19":0},"b":{},"f":{"1":0,"2":0,"3":0,"4":0,"5":0,"6":0,"7":0,"8":0},"fnMap":{"1":{"name":"(anonymous_1)","line":7,"loc":{"start":{"line":7,"column":50},"end":{"line":7,"column":60}}},"2":{"name":"(anonymous_2)","line":8,"loc":{"start":{"line":8,"column":13},"end":{"line":8,"column":23}}},"3":{"name":"(anonymous_3)","line":12,"loc":{"start":{"line":12,"column":49},"end":{"line":12,"column":59}}},"4":{"name":"(anonymous_4)","line":16,"loc":{"start":{"line":16,"column":47},"end":{"line":16,"column":57}}},"5":{"name":"(anonymous_5)","line":20,"loc":{"start":{"line":20,"column":51},"end":{"line":20,"column":61}}},"6":{"name":"(anonymous_6)","line":24,"loc":{"start":{"line":24,"column":49},"end":{"line":24,"column":59}}},"7":{"name":"(anonymous_7)","line":30,"loc":{"start":{"line":30,"column":49},"end":{"line":30,"column":59}}},"8":{"name":"(anonymous_8)","line":34,"loc":{"start":{"line":34,"column":49},"end":{"line":34,"column":59}}}},"statementMap":{"1":{"start":{"line":1,"column":0},"end":{"line":1,"column":25}},"2":{"start":{"line":3,"column":0},"end":{"line":5,"column":46}},"3":{"start":{"line":7,"column":0},"end":{"line":37,"column":3}},"4":{"start":{"line":8,"column":2},"end":{"line":10,"column":5}},"5":{"start":{"line":9,"column":4},"end":{"line":9,"column":29}},"6":{"start":{"line":12,"column":2},"end":{"line":14,"column":5}},"7":{"start":{"line":13,"column":4},"end":{"line":13,"column":49}},"8":{"start":{"line":16,"column":2},"end":{"line":18,"column":5}},"9":{"start":{"line":17,"column":4},"end":{"line":17,"column":47}},"10":{"start":{"line":20,"column":2},"end":{"line":22,"column":5}},"11":{"start":{"line":21,"column":4},"end":{"line":21,"column":51}},"12":{"start":{"line":24,"column":2},"end":{"line":28,"column":5}},"13":{"start":{"line":25,"column":4},"end":{"line":25,"column":49}},"14":{"start":{"line":26,"column":4},"end":{"line":26,"column":49}},"15":{"start":{"line":27,"column":4},"end":{"line":27,"column":64}},"16":{"start":{"line":30,"column":2},"end":{"line":32,"column":5}},"17":{"start":{"line":31,"column":4},"end":{"line":31,"column":49}},"18":{"start":{"line":34,"column":2},"end":{"line":36,"column":5}},"19":{"start":{"line":35,"column":4},"end":{"line":35,"column":49}}},"branchMap":{},"code":["require('./spec_helper');","","var mongoose = require('mongoose'),","    should   = require('should'),","    User     = require('./support/userModel');","","describe('additions to mongoose array prototype', function(){","  beforeEach(function(){","    this.user = new User({});","  });","","  it('adds a create methods to the association', function(){","    this.user.tweets.create.should.be.a.Function;","  });","","  it('adds a find methods to the association', function(){","    this.user.tweets.find.should.be.a.Function;","  });","","  it('adds a populate methods to the association', function(){","    this.user.tweets.populate.should.be.a.Function;","  });","","  it('adds a remove methods to the association', function(){","    this.user.tweets.remove.should.be.a.Function;","    this.user.tweets.delete.should.be.a.Function;","    this.user.tweets.remove.should.eql(this.user.tweets.delete);","  });","","  it('adds a append methods to the association', function(){","    this.user.tweets.append.should.be.a.Function;","  });","","  it('adds a concat methods to the association', function(){","    this.user.tweets.concat.should.be.a.Function;","  });","});",""],"l":{"1":2,"3":0,"7":0,"8":0,"9":0,"12":0,"13":0,"16":0,"17":0,"20":0,"21":0,"24":0,"25":0,"26":0,"27":0,"30":0,"31":0,"34":0,"35":0}}}